{"meta": {"format": 3, "version": "7.8.0", "timestamp": "2025-04-06T02:05:09.755087", "branch_coverage": false, "show_contexts": false}, "files": {"gcpoto/__init__.py": {"executed_lines": [1, 3, 4, 5], "summary": {"covered_lines": 3, "num_statements": 3, "percent_covered": 100.0, "percent_covered_display": "100", "missing_lines": 0, "excluded_lines": 0}, "missing_lines": [], "excluded_lines": [], "functions": {"": {"executed_lines": [1, 3, 4, 5], "summary": {"covered_lines": 3, "num_statements": 3, "percent_covered": 100.0, "percent_covered_display": "100", "missing_lines": 0, "excluded_lines": 0}, "missing_lines": [], "excluded_lines": []}}, "classes": {"": {"executed_lines": [1, 3, 4, 5], "summary": {"covered_lines": 3, "num_statements": 3, "percent_covered": 100.0, "percent_covered_display": "100", "missing_lines": 0, "excluded_lines": 0}, "missing_lines": [], "excluded_lines": []}}}, "gcpoto/cli/__init__.py": {"executed_lines": [], "summary": {"covered_lines": 0, "num_statements": 0, "percent_covered": 100.0, "percent_covered_display": "100", "missing_lines": 0, "excluded_lines": 0}, "missing_lines": [], "excluded_lines": [], "functions": {"": {"executed_lines": [], "summary": {"covered_lines": 0, "num_statements": 0, "percent_covered": 100.0, "percent_covered_display": "100", "missing_lines": 0, "excluded_lines": 0}, "missing_lines": [], "excluded_lines": []}}, "classes": {"": {"executed_lines": [], "summary": {"covered_lines": 0, "num_statements": 0, "percent_covered": 100.0, "percent_covered_display": "100", "missing_lines": 0, "excluded_lines": 0}, "missing_lines": [], "excluded_lines": []}}}, "gcpoto/cli/main.py": {"executed_lines": [], "summary": {"covered_lines": 0, "num_statements": 327, "percent_covered": 0.0, "percent_covered_display": "0", "missing_lines": 327, "excluded_lines": 0}, "missing_lines": [3, 4, 5, 6, 8, 9, 10, 11, 14, 15, 16, 21, 26, 27, 28, 29, 30, 32, 33, 34, 35, 36, 37, 40, 41, 42, 44, 47, 48, 49, 51, 53, 54, 55, 57, 62, 63, 66, 67, 68, 69, 70, 72, 74, 75, 76, 78, 83, 84, 87, 88, 89, 90, 91, 93, 95, 96, 97, 99, 104, 105, 108, 109, 110, 111, 112, 113, 115, 117, 118, 119, 121, 127, 128, 130, 131, 134, 135, 136, 137, 138, 139, 140, 142, 144, 145, 146, 149, 150, 152, 157, 158, 159, 162, 163, 164, 165, 166, 167, 169, 171, 172, 173, 175, 180, 181, 184, 185, 186, 188, 191, 192, 193, 195, 197, 198, 199, 201, 206, 207, 210, 211, 212, 213, 215, 217, 218, 219, 221, 226, 227, 230, 231, 232, 233, 234, 235, 236, 237, 239, 241, 242, 243, 246, 247, 248, 249, 250, 252, 255, 256, 257, 261, 266, 274, 275, 278, 279, 280, 281, 282, 284, 286, 287, 288, 290, 295, 296, 299, 300, 301, 302, 303, 304, 306, 308, 309, 310, 313, 314, 315, 316, 317, 319, 321, 326, 332, 335, 336, 337, 338, 340, 342, 343, 344, 346, 351, 352, 355, 356, 357, 358, 360, 362, 363, 364, 366, 371, 372, 375, 376, 377, 378, 379, 380, 381, 382, 383, 384, 385, 386, 389, 391, 392, 393, 396, 397, 398, 399, 400, 402, 405, 406, 407, 411, 416, 428, 429, 432, 433, 434, 435, 436, 438, 440, 441, 442, 444, 449, 450, 453, 454, 455, 456, 457, 458, 460, 462, 463, 464, 466, 471, 473, 474, 475, 478, 480, 481, 482, 483, 484, 485, 488, 489, 490, 491, 492, 494, 495, 496, 497, 498, 499, 500, 503, 504, 505, 508, 509, 510, 512, 515, 516, 517, 518, 520, 522, 523, 524, 526, 527, 528, 530, 535, 536, 539, 546, 547, 549, 550, 551, 552, 553, 554, 555, 556, 557, 558, 559, 561, 562, 563, 564, 567, 569, 572, 573], "excluded_lines": [], "functions": {"cli": {"executed_lines": [], "summary": {"covered_lines": 0, "num_statements": 6, "percent_covered": 0.0, "percent_covered_display": "0", "missing_lines": 6, "excluded_lines": 0}, "missing_lines": [32, 33, 34, 35, 36, 37], "excluded_lines": []}, "storage": {"executed_lines": [], "summary": {"covered_lines": 0, "num_statements": 1, "percent_covered": 0.0, "percent_covered_display": "0", "missing_lines": 1, "excluded_lines": 0}, "missing_lines": [44], "excluded_lines": []}, "list_buckets": {"executed_lines": [], "summary": {"covered_lines": 0, "num_statements": 7, "percent_covered": 0.0, "percent_covered_display": "0", "missing_lines": 7, "excluded_lines": 0}, "missing_lines": [51, 53, 54, 55, 57, 62, 63], "excluded_lines": []}, "list_objects": {"executed_lines": [], "summary": {"covered_lines": 0, "num_statements": 7, "percent_covered": 0.0, "percent_covered_display": "0", "missing_lines": 7, "excluded_lines": 0}, "missing_lines": [72, 74, 75, 76, 78, 83, 84], "excluded_lines": []}, "get_object": {"executed_lines": [], "summary": {"covered_lines": 0, "num_statements": 7, "percent_covered": 0.0, "percent_covered_display": "0", "missing_lines": 7, "excluded_lines": 0}, "missing_lines": [93, 95, 96, 97, 99, 104, 105], "excluded_lines": []}, "download_object": {"executed_lines": [], "summary": {"covered_lines": 0, "num_statements": 9, "percent_covered": 0.0, "percent_covered_display": "0", "missing_lines": 9, "excluded_lines": 0}, "missing_lines": [115, 117, 118, 119, 121, 127, 128, 130, 131], "excluded_lines": []}, "upload_object": {"executed_lines": [], "summary": {"covered_lines": 0, "num_statements": 10, "percent_covered": 0.0, "percent_covered_display": "0", "missing_lines": 10, "excluded_lines": 0}, "missing_lines": [142, 144, 145, 146, 149, 150, 152, 157, 158, 159], "excluded_lines": []}, "delete_object": {"executed_lines": [], "summary": {"covered_lines": 0, "num_statements": 7, "percent_covered": 0.0, "percent_covered_display": "0", "missing_lines": 7, "excluded_lines": 0}, "missing_lines": [169, 171, 172, 173, 175, 180, 181], "excluded_lines": []}, "pubsub": {"executed_lines": [], "summary": {"covered_lines": 0, "num_statements": 1, "percent_covered": 0.0, "percent_covered_display": "0", "missing_lines": 1, "excluded_lines": 0}, "missing_lines": [188], "excluded_lines": []}, "list_topics": {"executed_lines": [], "summary": {"covered_lines": 0, "num_statements": 7, "percent_covered": 0.0, "percent_covered_display": "0", "missing_lines": 7, "excluded_lines": 0}, "missing_lines": [195, 197, 198, 199, 201, 206, 207], "excluded_lines": []}, "get_topic": {"executed_lines": [], "summary": {"covered_lines": 0, "num_statements": 7, "percent_covered": 0.0, "percent_covered_display": "0", "missing_lines": 7, "excluded_lines": 0}, "missing_lines": [215, 217, 218, 219, 221, 226, 227], "excluded_lines": []}, "create_topic": {"executed_lines": [], "summary": {"covered_lines": 0, "num_statements": 17, "percent_covered": 0.0, "percent_covered_display": "0", "missing_lines": 17, "excluded_lines": 0}, "missing_lines": [239, 241, 242, 243, 246, 247, 248, 249, 250, 252, 255, 256, 257, 261, 266, 274, 275], "excluded_lines": []}, "delete_topic": {"executed_lines": [], "summary": {"covered_lines": 0, "num_statements": 7, "percent_covered": 0.0, "percent_covered_display": "0", "missing_lines": 7, "excluded_lines": 0}, "missing_lines": [284, 286, 287, 288, 290, 295, 296], "excluded_lines": []}, "publish_message": {"executed_lines": [], "summary": {"covered_lines": 0, "num_statements": 13, "percent_covered": 0.0, "percent_covered_display": "0", "missing_lines": 13, "excluded_lines": 0}, "missing_lines": [306, 308, 309, 310, 313, 314, 315, 316, 317, 319, 321, 326, 332], "excluded_lines": []}, "list_subscriptions": {"executed_lines": [], "summary": {"covered_lines": 0, "num_statements": 7, "percent_covered": 0.0, "percent_covered_display": "0", "missing_lines": 7, "excluded_lines": 0}, "missing_lines": [340, 342, 343, 344, 346, 351, 352], "excluded_lines": []}, "get_subscription": {"executed_lines": [], "summary": {"covered_lines": 0, "num_statements": 7, "percent_covered": 0.0, "percent_covered_display": "0", "missing_lines": 7, "excluded_lines": 0}, "missing_lines": [360, 362, 363, 364, 366, 371, 372], "excluded_lines": []}, "create_subscription": {"executed_lines": [], "summary": {"covered_lines": 0, "num_statements": 17, "percent_covered": 0.0, "percent_covered_display": "0", "missing_lines": 17, "excluded_lines": 0}, "missing_lines": [389, 391, 392, 393, 396, 397, 398, 399, 400, 402, 405, 406, 407, 411, 416, 428, 429], "excluded_lines": []}, "delete_subscription": {"executed_lines": [], "summary": {"covered_lines": 0, "num_statements": 7, "percent_covered": 0.0, "percent_covered_display": "0", "missing_lines": 7, "excluded_lines": 0}, "missing_lines": [438, 440, 441, 442, 444, 449, 450], "excluded_lines": []}, "pull_messages": {"executed_lines": [], "summary": {"covered_lines": 0, "num_statements": 31, "percent_covered": 0.0, "percent_covered_display": "0", "missing_lines": 31, "excluded_lines": 0}, "missing_lines": [460, 462, 463, 464, 466, 471, 473, 474, 475, 478, 480, 481, 482, 483, 484, 485, 488, 489, 490, 491, 492, 494, 495, 496, 497, 498, 499, 500, 503, 504, 505], "excluded_lines": []}, "compute": {"executed_lines": [], "summary": {"covered_lines": 0, "num_statements": 1, "percent_covered": 0.0, "percent_covered_display": "0", "missing_lines": 1, "excluded_lines": 0}, "missing_lines": [512], "excluded_lines": []}, "list_instances": {"executed_lines": [], "summary": {"covered_lines": 0, "num_statements": 10, "percent_covered": 0.0, "percent_covered_display": "0", "missing_lines": 10, "excluded_lines": 0}, "missing_lines": [520, 522, 523, 524, 526, 527, 528, 530, 535, 536], "excluded_lines": []}, "_output_result": {"executed_lines": [], "summary": {"covered_lines": 0, "num_statements": 17, "percent_covered": 0.0, "percent_covered_display": "0", "missing_lines": 17, "excluded_lines": 0}, "missing_lines": [546, 547, 549, 550, 551, 552, 553, 554, 555, 556, 557, 558, 559, 561, 562, 563, 564], "excluded_lines": []}, "main": {"executed_lines": [], "summary": {"covered_lines": 0, "num_statements": 1, "percent_covered": 0.0, "percent_covered_display": "0", "missing_lines": 1, "excluded_lines": 0}, "missing_lines": [569], "excluded_lines": []}, "": {"executed_lines": [], "summary": {"covered_lines": 0, "num_statements": 123, "percent_covered": 0.0, "percent_covered_display": "0", "missing_lines": 123, "excluded_lines": 0}, "missing_lines": [3, 4, 5, 6, 8, 9, 10, 11, 14, 15, 16, 21, 26, 27, 28, 29, 30, 40, 41, 42, 47, 48, 49, 66, 67, 68, 69, 70, 87, 88, 89, 90, 91, 108, 109, 110, 111, 112, 113, 134, 135, 136, 137, 138, 139, 140, 162, 163, 164, 165, 166, 167, 184, 185, 186, 191, 192, 193, 210, 211, 212, 213, 230, 231, 232, 233, 234, 235, 236, 237, 278, 279, 280, 281, 282, 299, 300, 301, 302, 303, 304, 335, 336, 337, 338, 355, 356, 357, 358, 375, 376, 377, 378, 379, 380, 381, 382, 383, 384, 385, 386, 432, 433, 434, 435, 436, 453, 454, 455, 456, 457, 458, 508, 509, 510, 515, 516, 517, 518, 539, 567, 572, 573], "excluded_lines": []}}, "classes": {"": {"executed_lines": [], "summary": {"covered_lines": 0, "num_statements": 327, "percent_covered": 0.0, "percent_covered_display": "0", "missing_lines": 327, "excluded_lines": 0}, "missing_lines": [3, 4, 5, 6, 8, 9, 10, 11, 14, 15, 16, 21, 26, 27, 28, 29, 30, 32, 33, 34, 35, 36, 37, 40, 41, 42, 44, 47, 48, 49, 51, 53, 54, 55, 57, 62, 63, 66, 67, 68, 69, 70, 72, 74, 75, 76, 78, 83, 84, 87, 88, 89, 90, 91, 93, 95, 96, 97, 99, 104, 105, 108, 109, 110, 111, 112, 113, 115, 117, 118, 119, 121, 127, 128, 130, 131, 134, 135, 136, 137, 138, 139, 140, 142, 144, 145, 146, 149, 150, 152, 157, 158, 159, 162, 163, 164, 165, 166, 167, 169, 171, 172, 173, 175, 180, 181, 184, 185, 186, 188, 191, 192, 193, 195, 197, 198, 199, 201, 206, 207, 210, 211, 212, 213, 215, 217, 218, 219, 221, 226, 227, 230, 231, 232, 233, 234, 235, 236, 237, 239, 241, 242, 243, 246, 247, 248, 249, 250, 252, 255, 256, 257, 261, 266, 274, 275, 278, 279, 280, 281, 282, 284, 286, 287, 288, 290, 295, 296, 299, 300, 301, 302, 303, 304, 306, 308, 309, 310, 313, 314, 315, 316, 317, 319, 321, 326, 332, 335, 336, 337, 338, 340, 342, 343, 344, 346, 351, 352, 355, 356, 357, 358, 360, 362, 363, 364, 366, 371, 372, 375, 376, 377, 378, 379, 380, 381, 382, 383, 384, 385, 386, 389, 391, 392, 393, 396, 397, 398, 399, 400, 402, 405, 406, 407, 411, 416, 428, 429, 432, 433, 434, 435, 436, 438, 440, 441, 442, 444, 449, 450, 453, 454, 455, 456, 457, 458, 460, 462, 463, 464, 466, 471, 473, 474, 475, 478, 480, 481, 482, 483, 484, 485, 488, 489, 490, 491, 492, 494, 495, 496, 497, 498, 499, 500, 503, 504, 505, 508, 509, 510, 512, 515, 516, 517, 518, 520, 522, 523, 524, 526, 527, 528, 530, 535, 536, 539, 546, 547, 549, 550, 551, 552, 553, 554, 555, 556, 557, 558, 559, 561, 562, 563, 564, 567, 569, 572, 573], "excluded_lines": []}}}, "gcpoto/models/__init__.py": {"executed_lines": [0], "summary": {"covered_lines": 0, "num_statements": 0, "percent_covered": 100.0, "percent_covered_display": "100", "missing_lines": 0, "excluded_lines": 0}, "missing_lines": [], "excluded_lines": [], "functions": {"": {"executed_lines": [], "summary": {"covered_lines": 0, "num_statements": 0, "percent_covered": 100.0, "percent_covered_display": "100", "missing_lines": 0, "excluded_lines": 0}, "missing_lines": [], "excluded_lines": []}}, "classes": {"": {"executed_lines": [], "summary": {"covered_lines": 0, "num_statements": 0, "percent_covered": 100.0, "percent_covered_display": "100", "missing_lines": 0, "excluded_lines": 0}, "missing_lines": [], "excluded_lines": []}}}, "gcpoto/models/base.py": {"executed_lines": [1, 3, 4, 5, 7, 10, 11, 12, 13, 14, 15, 16, 17, 18, 19, 21, 22, 23, 25, 33, 34], "summary": {"covered_lines": 18, "num_statements": 20, "percent_covered": 90.0, "percent_covered_display": "90", "missing_lines": 2, "excluded_lines": 0}, "missing_lines": [31, 45], "excluded_lines": [], "functions": {"GCPResource.to_dict": {"executed_lines": [], "summary": {"covered_lines": 0, "num_statements": 1, "percent_covered": 0.0, "percent_covered_display": "0", "missing_lines": 1, "excluded_lines": 0}, "missing_lines": [31], "excluded_lines": []}, "GCPResource.from_api_response": {"executed_lines": [], "summary": {"covered_lines": 0, "num_statements": 1, "percent_covered": 0.0, "percent_covered_display": "0", "missing_lines": 1, "excluded_lines": 0}, "missing_lines": [45], "excluded_lines": []}, "": {"executed_lines": [1, 3, 4, 5, 7, 10, 11, 12, 13, 14, 15, 16, 17, 18, 19, 21, 22, 23, 25, 33, 34], "summary": {"covered_lines": 18, "num_statements": 18, "percent_covered": 100.0, "percent_covered_display": "100", "missing_lines": 0, "excluded_lines": 0}, "missing_lines": [], "excluded_lines": []}}, "classes": {"GCPResource": {"executed_lines": [], "summary": {"covered_lines": 0, "num_statements": 2, "percent_covered": 0.0, "percent_covered_display": "0", "missing_lines": 2, "excluded_lines": 0}, "missing_lines": [31, 45], "excluded_lines": []}, "GCPResource.Config": {"executed_lines": [], "summary": {"covered_lines": 0, "num_statements": 0, "percent_covered": 100.0, "percent_covered_display": "100", "missing_lines": 0, "excluded_lines": 0}, "missing_lines": [], "excluded_lines": []}, "": {"executed_lines": [1, 3, 4, 5, 7, 10, 11, 12, 13, 14, 15, 16, 17, 18, 19, 21, 22, 23, 25, 33, 34], "summary": {"covered_lines": 18, "num_statements": 18, "percent_covered": 100.0, "percent_covered_display": "100", "missing_lines": 0, "excluded_lines": 0}, "missing_lines": [], "excluded_lines": []}}}, "gcpoto/models/billing.py": {"executed_lines": [1, 3, 4, 5, 7, 10, 11, 13, 16, 19, 20, 24, 25, 27, 30, 32, 35, 36, 38, 39, 40, 42, 43, 53, 56, 60, 70, 72, 73, 74, 75, 78, 79, 81, 82, 85, 90, 91, 93, 94, 96, 102, 105, 106, 108, 110, 112, 113, 123, 130, 132, 134, 136, 139, 142, 143, 145, 146, 147, 150, 151, 155, 160, 161, 178, 179, 188, 189], "summary": {"covered_lines": 64, "num_statements": 107, "percent_covered": 59.81308411214953, "percent_covered_display": "60", "missing_lines": 43, "excluded_lines": 0}, "missing_lines": [28, 31, 57, 95, 98, 99, 101, 109, 135, 137, 163, 164, 165, 167, 168, 169, 170, 171, 173, 175, 181, 182, 183, 184, 185, 186, 202, 215, 218, 219, 220, 221, 224, 226, 227, 231, 232, 233, 234, 235, 236, 237, 239], "excluded_lines": [], "functions": {"BillingAccount.validate_name": {"executed_lines": [27, 30, 32], "summary": {"covered_lines": 3, "num_statements": 5, "percent_covered": 60.0, "percent_covered_display": "60", "missing_lines": 2, "excluded_lines": 0}, "missing_lines": [28, 31], "excluded_lines": []}, "BillingAccount.validate_id": {"executed_lines": [38, 39, 40], "summary": {"covered_lines": 3, "num_statements": 3, "percent_covered": 100.0, "percent_covered_display": "100", "missing_lines": 0, "excluded_lines": 0}, "missing_lines": [], "excluded_lines": []}, "BillingAccount.from_api_response": {"executed_lines": [53, 56, 60, 70, 72, 73, 74, 75], "summary": {"covered_lines": 8, "num_statements": 9, "percent_covered": 88.88888888888889, "percent_covered_display": "89", "missing_lines": 1, "excluded_lines": 0}, "missing_lines": [57], "excluded_lines": []}, "ProjectBillingInfo.validate_name": {"executed_lines": [93, 94, 96, 102], "summary": {"covered_lines": 4, "num_statements": 8, "percent_covered": 50.0, "percent_covered_display": "50", "missing_lines": 4, "excluded_lines": 0}, "missing_lines": [95, 98, 99, 101], "excluded_lines": []}, "ProjectBillingInfo.validate_id": {"executed_lines": [108, 110], "summary": {"covered_lines": 2, "num_statements": 3, "percent_covered": 66.66666666666667, "percent_covered_display": "67", "missing_lines": 1, "excluded_lines": 0}, "missing_lines": [109], "excluded_lines": []}, "ProjectBillingInfo.from_api_response": {"executed_lines": [123, 130, 132, 134, 136, 139], "summary": {"covered_lines": 6, "num_statements": 8, "percent_covered": 75.0, "percent_covered_display": "75", "missing_lines": 2, "excluded_lines": 0}, "missing_lines": [135, 137], "excluded_lines": []}, "BillingBudget.validate_name": {"executed_lines": [], "summary": {"covered_lines": 0, "num_statements": 10, "percent_covered": 0.0, "percent_covered_display": "0", "missing_lines": 10, "excluded_lines": 0}, "missing_lines": [163, 164, 165, 167, 168, 169, 170, 171, 173, 175], "excluded_lines": []}, "BillingBudget.validate_id": {"executed_lines": [], "summary": {"covered_lines": 0, "num_statements": 6, "percent_covered": 0.0, "percent_covered_display": "0", "missing_lines": 6, "excluded_lines": 0}, "missing_lines": [181, 182, 183, 184, 185, 186], "excluded_lines": []}, "BillingBudget.from_api_response": {"executed_lines": [], "summary": {"covered_lines": 0, "num_statements": 17, "percent_covered": 0.0, "percent_covered_display": "0", "missing_lines": 17, "excluded_lines": 0}, "missing_lines": [202, 215, 218, 219, 220, 221, 224, 226, 227, 231, 232, 233, 234, 235, 236, 237, 239], "excluded_lines": []}, "": {"executed_lines": [1, 3, 4, 5, 7, 10, 11, 13, 16, 19, 20, 24, 25, 35, 36, 42, 43, 78, 79, 81, 82, 85, 90, 91, 105, 106, 112, 113, 142, 143, 145, 146, 147, 150, 151, 155, 160, 161, 178, 179, 188, 189], "summary": {"covered_lines": 38, "num_statements": 38, "percent_covered": 100.0, "percent_covered_display": "100", "missing_lines": 0, "excluded_lines": 0}, "missing_lines": [], "excluded_lines": []}}, "classes": {"BillingAccount": {"executed_lines": [27, 30, 32, 38, 39, 40, 53, 56, 60, 70, 72, 73, 74, 75], "summary": {"covered_lines": 14, "num_statements": 17, "percent_covered": 82.3529411764706, "percent_covered_display": "82", "missing_lines": 3, "excluded_lines": 0}, "missing_lines": [28, 31, 57], "excluded_lines": []}, "ProjectBillingInfo": {"executed_lines": [93, 94, 96, 102, 108, 110, 123, 130, 132, 134, 136, 139], "summary": {"covered_lines": 12, "num_statements": 19, "percent_covered": 63.1578947368421, "percent_covered_display": "63", "missing_lines": 7, "excluded_lines": 0}, "missing_lines": [95, 98, 99, 101, 109, 135, 137], "excluded_lines": []}, "BillingBudget": {"executed_lines": [], "summary": {"covered_lines": 0, "num_statements": 33, "percent_covered": 0.0, "percent_covered_display": "0", "missing_lines": 33, "excluded_lines": 0}, "missing_lines": [163, 164, 165, 167, 168, 169, 170, 171, 173, 175, 181, 182, 183, 184, 185, 186, 202, 215, 218, 219, 220, 221, 224, 226, 227, 231, 232, 233, 234, 235, 236, 237, 239], "excluded_lines": []}, "": {"executed_lines": [1, 3, 4, 5, 7, 10, 11, 13, 16, 19, 20, 24, 25, 35, 36, 42, 43, 78, 79, 81, 82, 85, 90, 91, 105, 106, 112, 113, 142, 143, 145, 146, 147, 150, 151, 155, 160, 161, 178, 179, 188, 189], "summary": {"covered_lines": 38, "num_statements": 38, "percent_covered": 100.0, "percent_covered_display": "100", "missing_lines": 0, "excluded_lines": 0}, "missing_lines": [], "excluded_lines": []}}}, "gcpoto/models/pubsub.py": {"executed_lines": [1, 3, 4, 6, 7, 10, 11, 12, 18, 19, 20, 21, 24, 25, 26, 29, 32, 35, 38, 42, 43, 44, 46, 47, 98, 99, 100, 101, 104, 109, 110, 111, 114, 119, 120, 121, 124, 129, 130, 131, 134, 135, 136, 137, 140, 143, 146, 149, 152, 155, 158, 161, 164, 168, 169, 170, 172, 173], "summary": {"covered_lines": 47, "num_statements": 98, "percent_covered": 47.95918367346939, "percent_covered_display": "48", "missing_lines": 51, "excluded_lines": 0}, "missing_lines": [59, 60, 63, 64, 65, 66, 69, 70, 71, 72, 75, 76, 77, 78, 79, 80, 82, 185, 186, 189, 190, 191, 192, 195, 196, 199, 200, 201, 202, 203, 204, 211, 212, 213, 214, 215, 216, 222, 223, 224, 225, 226, 227, 228, 234, 235, 236, 237, 238, 239, 241], "excluded_lines": [], "functions": {"PubSubTopic.from_api_response": {"executed_lines": [], "summary": {"covered_lines": 0, "num_statements": 17, "percent_covered": 0.0, "percent_covered_display": "0", "missing_lines": 17, "excluded_lines": 0}, "missing_lines": [59, 60, 63, 64, 65, 66, 69, 70, 71, 72, 75, 76, 77, 78, 79, 80, 82], "excluded_lines": []}, "PubSubSubscription.from_api_response": {"executed_lines": [], "summary": {"covered_lines": 0, "num_statements": 34, "percent_covered": 0.0, "percent_covered_display": "0", "missing_lines": 34, "excluded_lines": 0}, "missing_lines": [185, 186, 189, 190, 191, 192, 195, 196, 199, 200, 201, 202, 203, 204, 211, 212, 213, 214, 215, 216, 222, 223, 224, 225, 226, 227, 228, 234, 235, 236, 237, 238, 239, 241], "excluded_lines": []}, "": {"executed_lines": [1, 3, 4, 6, 7, 10, 11, 12, 18, 19, 20, 21, 24, 25, 26, 29, 32, 35, 38, 42, 43, 44, 46, 47, 98, 99, 100, 101, 104, 109, 110, 111, 114, 119, 120, 121, 124, 129, 130, 131, 134, 135, 136, 137, 140, 143, 146, 149, 152, 155, 158, 161, 164, 168, 169, 170, 172, 173], "summary": {"covered_lines": 47, "num_statements": 47, "percent_covered": 100.0, "percent_covered_display": "100", "missing_lines": 0, "excluded_lines": 0}, "missing_lines": [], "excluded_lines": []}}, "classes": {"MessageStoragePolicy": {"executed_lines": [], "summary": {"covered_lines": 0, "num_statements": 0, "percent_covered": 100.0, "percent_covered_display": "100", "missing_lines": 0, "excluded_lines": 0}, "missing_lines": [], "excluded_lines": []}, "SchemaSettings": {"executed_lines": [], "summary": {"covered_lines": 0, "num_statements": 0, "percent_covered": 100.0, "percent_covered_display": "100", "missing_lines": 0, "excluded_lines": 0}, "missing_lines": [], "excluded_lines": []}, "PubSubTopic": {"executed_lines": [], "summary": {"covered_lines": 0, "num_statements": 17, "percent_covered": 0.0, "percent_covered_display": "0", "missing_lines": 17, "excluded_lines": 0}, "missing_lines": [59, 60, 63, 64, 65, 66, 69, 70, 71, 72, 75, 76, 77, 78, 79, 80, 82], "excluded_lines": []}, "PubSubTopic.Config": {"executed_lines": [], "summary": {"covered_lines": 0, "num_statements": 0, "percent_covered": 100.0, "percent_covered_display": "100", "missing_lines": 0, "excluded_lines": 0}, "missing_lines": [], "excluded_lines": []}, "PushConfig": {"executed_lines": [], "summary": {"covered_lines": 0, "num_statements": 0, "percent_covered": 100.0, "percent_covered_display": "100", "missing_lines": 0, "excluded_lines": 0}, "missing_lines": [], "excluded_lines": []}, "DeadLetterPolicy": {"executed_lines": [], "summary": {"covered_lines": 0, "num_statements": 0, "percent_covered": 100.0, "percent_covered_display": "100", "missing_lines": 0, "excluded_lines": 0}, "missing_lines": [], "excluded_lines": []}, "RetryPolicy": {"executed_lines": [], "summary": {"covered_lines": 0, "num_statements": 0, "percent_covered": 100.0, "percent_covered_display": "100", "missing_lines": 0, "excluded_lines": 0}, "missing_lines": [], "excluded_lines": []}, "ExpirationPolicy": {"executed_lines": [], "summary": {"covered_lines": 0, "num_statements": 0, "percent_covered": 100.0, "percent_covered_display": "100", "missing_lines": 0, "excluded_lines": 0}, "missing_lines": [], "excluded_lines": []}, "PubSubSubscription": {"executed_lines": [], "summary": {"covered_lines": 0, "num_statements": 34, "percent_covered": 0.0, "percent_covered_display": "0", "missing_lines": 34, "excluded_lines": 0}, "missing_lines": [185, 186, 189, 190, 191, 192, 195, 196, 199, 200, 201, 202, 203, 204, 211, 212, 213, 214, 215, 216, 222, 223, 224, 225, 226, 227, 228, 234, 235, 236, 237, 238, 239, 241], "excluded_lines": []}, "PubSubSubscription.Config": {"executed_lines": [], "summary": {"covered_lines": 0, "num_statements": 0, "percent_covered": 100.0, "percent_covered_display": "100", "missing_lines": 0, "excluded_lines": 0}, "missing_lines": [], "excluded_lines": []}, "": {"executed_lines": [1, 3, 4, 6, 7, 10, 11, 12, 18, 19, 20, 21, 24, 25, 26, 29, 32, 35, 38, 42, 43, 44, 46, 47, 98, 99, 100, 101, 104, 109, 110, 111, 114, 119, 120, 121, 124, 129, 130, 131, 134, 135, 136, 137, 140, 143, 146, 149, 152, 155, 158, 161, 164, 168, 169, 170, 172, 173], "summary": {"covered_lines": 47, "num_statements": 47, "percent_covered": 100.0, "percent_covered_display": "100", "missing_lines": 0, "excluded_lines": 0}, "missing_lines": [], "excluded_lines": []}}}, "gcpoto/models/resource_manager.py": {"executed_lines": [1, 3, 4, 5, 7, 10, 11, 12, 13, 14, 15, 16, 17, 18, 19, 21, 22, 31, 32, 38, 39, 74, 75, 76, 77, 78, 79, 80, 81, 82, 83, 85, 86, 95, 96, 102, 103], "summary": {"covered_lines": 34, "num_statements": 68, "percent_covered": 50.0, "percent_covered_display": "50", "missing_lines": 34, "excluded_lines": 0}, "missing_lines": [24, 25, 27, 28, 29, 34, 35, 36, 49, 50, 51, 52, 53, 56, 88, 89, 91, 92, 93, 98, 99, 100, 113, 114, 115, 116, 117, 120, 121, 122, 123, 124, 125, 128], "excluded_lines": [], "functions": {"Project.validate_name": {"executed_lines": [], "summary": {"covered_lines": 0, "num_statements": 5, "percent_covered": 0.0, "percent_covered_display": "0", "missing_lines": 5, "excluded_lines": 0}, "missing_lines": [24, 25, 27, 28, 29], "excluded_lines": []}, "Project.validate_id": {"executed_lines": [], "summary": {"covered_lines": 0, "num_statements": 3, "percent_covered": 0.0, "percent_covered_display": "0", "missing_lines": 3, "excluded_lines": 0}, "missing_lines": [34, 35, 36], "excluded_lines": []}, "Project.from_api_response": {"executed_lines": [], "summary": {"covered_lines": 0, "num_statements": 6, "percent_covered": 0.0, "percent_covered_display": "0", "missing_lines": 6, "excluded_lines": 0}, "missing_lines": [49, 50, 51, 52, 53, 56], "excluded_lines": []}, "Folder.validate_name": {"executed_lines": [], "summary": {"covered_lines": 0, "num_statements": 5, "percent_covered": 0.0, "percent_covered_display": "0", "missing_lines": 5, "excluded_lines": 0}, "missing_lines": [88, 89, 91, 92, 93], "excluded_lines": []}, "Folder.validate_id": {"executed_lines": [], "summary": {"covered_lines": 0, "num_statements": 3, "percent_covered": 0.0, "percent_covered_display": "0", "missing_lines": 3, "excluded_lines": 0}, "missing_lines": [98, 99, 100], "excluded_lines": []}, "Folder.from_api_response": {"executed_lines": [], "summary": {"covered_lines": 0, "num_statements": 12, "percent_covered": 0.0, "percent_covered_display": "0", "missing_lines": 12, "excluded_lines": 0}, "missing_lines": [113, 114, 115, 116, 117, 120, 121, 122, 123, 124, 125, 128], "excluded_lines": []}, "": {"executed_lines": [1, 3, 4, 5, 7, 10, 11, 12, 13, 14, 15, 16, 17, 18, 19, 21, 22, 31, 32, 38, 39, 74, 75, 76, 77, 78, 79, 80, 81, 82, 83, 85, 86, 95, 96, 102, 103], "summary": {"covered_lines": 34, "num_statements": 34, "percent_covered": 100.0, "percent_covered_display": "100", "missing_lines": 0, "excluded_lines": 0}, "missing_lines": [], "excluded_lines": []}}, "classes": {"Project": {"executed_lines": [], "summary": {"covered_lines": 0, "num_statements": 14, "percent_covered": 0.0, "percent_covered_display": "0", "missing_lines": 14, "excluded_lines": 0}, "missing_lines": [24, 25, 27, 28, 29, 34, 35, 36, 49, 50, 51, 52, 53, 56], "excluded_lines": []}, "Folder": {"executed_lines": [], "summary": {"covered_lines": 0, "num_statements": 20, "percent_covered": 0.0, "percent_covered_display": "0", "missing_lines": 20, "excluded_lines": 0}, "missing_lines": [88, 89, 91, 92, 93, 98, 99, 100, 113, 114, 115, 116, 117, 120, 121, 122, 123, 124, 125, 128], "excluded_lines": []}, "": {"executed_lines": [1, 3, 4, 5, 7, 10, 11, 12, 13, 14, 15, 16, 17, 18, 19, 21, 22, 31, 32, 38, 39, 74, 75, 76, 77, 78, 79, 80, 81, 82, 83, 85, 86, 95, 96, 102, 103], "summary": {"covered_lines": 34, "num_statements": 34, "percent_covered": 100.0, "percent_covered_display": "100", "missing_lines": 0, "excluded_lines": 0}, "missing_lines": [], "excluded_lines": []}}}, "gcpoto/models/storage_object.py": {"executed_lines": [1, 3, 4, 5, 7, 8, 11, 12, 13, 14, 17, 18, 19, 20, 21, 22, 23, 24, 25, 26, 27, 28, 29, 30, 31, 33, 34, 35, 37, 38], "summary": {"covered_lines": 26, "num_statements": 36, "percent_covered": 72.22222222222223, "percent_covered_display": "72", "missing_lines": 10, "excluded_lines": 0}, "missing_lines": [47, 48, 49, 56, 57, 58, 59, 60, 62, 64], "excluded_lines": [], "functions": {"StorageObject.from_api_response": {"executed_lines": [], "summary": {"covered_lines": 0, "num_statements": 10, "percent_covered": 0.0, "percent_covered_display": "0", "missing_lines": 10, "excluded_lines": 0}, "missing_lines": [47, 48, 49, 56, 57, 58, 59, 60, 62, 64], "excluded_lines": []}, "": {"executed_lines": [1, 3, 4, 5, 7, 8, 11, 12, 13, 14, 17, 18, 19, 20, 21, 22, 23, 24, 25, 26, 27, 28, 29, 30, 31, 33, 34, 35, 37, 38], "summary": {"covered_lines": 26, "num_statements": 26, "percent_covered": 100.0, "percent_covered_display": "100", "missing_lines": 0, "excluded_lines": 0}, "missing_lines": [], "excluded_lines": []}}, "classes": {"ObjectAclEntry": {"executed_lines": [], "summary": {"covered_lines": 0, "num_statements": 0, "percent_covered": 100.0, "percent_covered_display": "100", "missing_lines": 0, "excluded_lines": 0}, "missing_lines": [], "excluded_lines": []}, "StorageObject": {"executed_lines": [], "summary": {"covered_lines": 0, "num_statements": 10, "percent_covered": 0.0, "percent_covered_display": "0", "missing_lines": 10, "excluded_lines": 0}, "missing_lines": [47, 48, 49, 56, 57, 58, 59, 60, 62, 64], "excluded_lines": []}, "StorageObject.Config": {"executed_lines": [], "summary": {"covered_lines": 0, "num_statements": 0, "percent_covered": 100.0, "percent_covered_display": "100", "missing_lines": 0, "excluded_lines": 0}, "missing_lines": [], "excluded_lines": []}, "": {"executed_lines": [1, 3, 4, 5, 7, 8, 11, 12, 13, 14, 17, 18, 19, 20, 21, 22, 23, 24, 25, 26, 27, 28, 29, 30, 31, 33, 34, 35, 37, 38], "summary": {"covered_lines": 26, "num_statements": 26, "percent_covered": 100.0, "percent_covered_display": "100", "missing_lines": 0, "excluded_lines": 0}, "missing_lines": [], "excluded_lines": []}}}, "gcpoto/schemas/__init__.py": {"executed_lines": [0], "summary": {"covered_lines": 0, "num_statements": 0, "percent_covered": 100.0, "percent_covered_display": "100", "missing_lines": 0, "excluded_lines": 0}, "missing_lines": [], "excluded_lines": [], "functions": {"": {"executed_lines": [], "summary": {"covered_lines": 0, "num_statements": 0, "percent_covered": 100.0, "percent_covered_display": "100", "missing_lines": 0, "excluded_lines": 0}, "missing_lines": [], "excluded_lines": []}}, "classes": {"": {"executed_lines": [], "summary": {"covered_lines": 0, "num_statements": 0, "percent_covered": 100.0, "percent_covered_display": "100", "missing_lines": 0, "excluded_lines": 0}, "missing_lines": [], "excluded_lines": []}}}, "gcpoto/schemas/base.py": {"executed_lines": [1, 3, 6, 49, 60], "summary": {"covered_lines": 4, "num_statements": 4, "percent_covered": 100.0, "percent_covered_display": "100", "missing_lines": 0, "excluded_lines": 0}, "missing_lines": [], "excluded_lines": [], "functions": {"get_schema": {"executed_lines": [60], "summary": {"covered_lines": 1, "num_statements": 1, "percent_covered": 100.0, "percent_covered_display": "100", "missing_lines": 0, "excluded_lines": 0}, "missing_lines": [], "excluded_lines": []}, "": {"executed_lines": [1, 3, 6, 49], "summary": {"covered_lines": 3, "num_statements": 3, "percent_covered": 100.0, "percent_covered_display": "100", "missing_lines": 0, "excluded_lines": 0}, "missing_lines": [], "excluded_lines": []}}, "classes": {"": {"executed_lines": [1, 3, 6, 49, 60], "summary": {"covered_lines": 4, "num_statements": 4, "percent_covered": 100.0, "percent_covered_display": "100", "missing_lines": 0, "excluded_lines": 0}, "missing_lines": [], "excluded_lines": []}}}, "gcpoto/schemas/pubsub.py": {"executed_lines": [1, 3, 6, 84, 218, 227, 228, 230], "summary": {"covered_lines": 7, "num_statements": 7, "percent_covered": 100.0, "percent_covered_display": "100", "missing_lines": 0, "excluded_lines": 0}, "missing_lines": [], "excluded_lines": [], "functions": {"get_schema": {"executed_lines": [227, 228, 230], "summary": {"covered_lines": 3, "num_statements": 3, "percent_covered": 100.0, "percent_covered_display": "100", "missing_lines": 0, "excluded_lines": 0}, "missing_lines": [], "excluded_lines": []}, "": {"executed_lines": [1, 3, 6, 84, 218], "summary": {"covered_lines": 4, "num_statements": 4, "percent_covered": 100.0, "percent_covered_display": "100", "missing_lines": 0, "excluded_lines": 0}, "missing_lines": [], "excluded_lines": []}}, "classes": {"": {"executed_lines": [1, 3, 6, 84, 218, 227, 228, 230], "summary": {"covered_lines": 7, "num_statements": 7, "percent_covered": 100.0, "percent_covered_display": "100", "missing_lines": 0, "excluded_lines": 0}, "missing_lines": [], "excluded_lines": []}}}, "gcpoto/schemas/storage_object.py": {"executed_lines": [1, 3, 6, 102, 108], "summary": {"covered_lines": 4, "num_statements": 4, "percent_covered": 100.0, "percent_covered_display": "100", "missing_lines": 0, "excluded_lines": 0}, "missing_lines": [], "excluded_lines": [], "functions": {"get_schema": {"executed_lines": [108], "summary": {"covered_lines": 1, "num_statements": 1, "percent_covered": 100.0, "percent_covered_display": "100", "missing_lines": 0, "excluded_lines": 0}, "missing_lines": [], "excluded_lines": []}, "": {"executed_lines": [1, 3, 6, 102], "summary": {"covered_lines": 3, "num_statements": 3, "percent_covered": 100.0, "percent_covered_display": "100", "missing_lines": 0, "excluded_lines": 0}, "missing_lines": [], "excluded_lines": []}}, "classes": {"": {"executed_lines": [1, 3, 6, 102, 108], "summary": {"covered_lines": 4, "num_statements": 4, "percent_covered": 100.0, "percent_covered_display": "100", "missing_lines": 0, "excluded_lines": 0}, "missing_lines": [], "excluded_lines": []}}}, "gcpoto/services/__init__.py": {"executed_lines": [0], "summary": {"covered_lines": 0, "num_statements": 0, "percent_covered": 100.0, "percent_covered_display": "100", "missing_lines": 0, "excluded_lines": 0}, "missing_lines": [], "excluded_lines": [], "functions": {"": {"executed_lines": [], "summary": {"covered_lines": 0, "num_statements": 0, "percent_covered": 100.0, "percent_covered_display": "100", "missing_lines": 0, "excluded_lines": 0}, "missing_lines": [], "excluded_lines": []}}, "classes": {"": {"executed_lines": [], "summary": {"covered_lines": 0, "num_statements": 0, "percent_covered": 100.0, "percent_covered_display": "100", "missing_lines": 0, "excluded_lines": 0}, "missing_lines": [], "excluded_lines": []}}}, "gcpoto/services/base.py": {"executed_lines": [1, 3, 4, 5, 6, 8, 11, 14, 15, 17, 36, 37, 38, 39, 40, 41, 42, 44, 50, 51, 57, 63, 75, 88, 101, 114, 127, 145, 149, 153, 154, 156, 158], "summary": {"covered_lines": 31, "num_statements": 40, "percent_covered": 77.5, "percent_covered_display": "78", "missing_lines": 9, "excluded_lines": 0}, "missing_lines": [52, 73, 86, 99, 112, 125, 146, 150, 167], "excluded_lines": [], "functions": {"GCPService.__init__": {"executed_lines": [36, 37, 38, 39, 40, 41, 42], "summary": {"covered_lines": 7, "num_statements": 7, "percent_covered": 100.0, "percent_covered_display": "100", "missing_lines": 0, "excluded_lines": 0}, "missing_lines": [], "excluded_lines": []}, "GCPService._create_service": {"executed_lines": [50, 51, 57], "summary": {"covered_lines": 3, "num_statements": 4, "percent_covered": 75.0, "percent_covered_display": "75", "missing_lines": 1, "excluded_lines": 0}, "missing_lines": [52], "excluded_lines": []}, "GCPService.list_resources": {"executed_lines": [], "summary": {"covered_lines": 0, "num_statements": 1, "percent_covered": 0.0, "percent_covered_display": "0", "missing_lines": 1, "excluded_lines": 0}, "missing_lines": [73], "excluded_lines": []}, "GCPService.get_resource": {"executed_lines": [], "summary": {"covered_lines": 0, "num_statements": 1, "percent_covered": 0.0, "percent_covered_display": "0", "missing_lines": 1, "excluded_lines": 0}, "missing_lines": [86], "excluded_lines": []}, "GCPService.create_resource": {"executed_lines": [], "summary": {"covered_lines": 0, "num_statements": 1, "percent_covered": 0.0, "percent_covered_display": "0", "missing_lines": 1, "excluded_lines": 0}, "missing_lines": [99], "excluded_lines": []}, "GCPService.update_resource": {"executed_lines": [], "summary": {"covered_lines": 0, "num_statements": 1, "percent_covered": 0.0, "percent_covered_display": "0", "missing_lines": 1, "excluded_lines": 0}, "missing_lines": [112], "excluded_lines": []}, "GCPService.delete_resource": {"executed_lines": [], "summary": {"covered_lines": 0, "num_statements": 1, "percent_covered": 0.0, "percent_covered_display": "0", "missing_lines": 1, "excluded_lines": 0}, "missing_lines": [125], "excluded_lines": []}, "GCPService._process_tags": {"executed_lines": [145, 149, 153, 154, 156], "summary": {"covered_lines": 5, "num_statements": 7, "percent_covered": 71.42857142857143, "percent_covered_display": "71", "missing_lines": 2, "excluded_lines": 0}, "missing_lines": [146, 150], "excluded_lines": []}, "GCPService._parse_response": {"executed_lines": [], "summary": {"covered_lines": 0, "num_statements": 1, "percent_covered": 0.0, "percent_covered_display": "0", "missing_lines": 1, "excluded_lines": 0}, "missing_lines": [167], "excluded_lines": []}, "": {"executed_lines": [1, 3, 4, 5, 6, 8, 11, 14, 15, 17, 44, 63, 75, 88, 101, 114, 127, 158], "summary": {"covered_lines": 16, "num_statements": 16, "percent_covered": 100.0, "percent_covered_display": "100", "missing_lines": 0, "excluded_lines": 0}, "missing_lines": [], "excluded_lines": []}}, "classes": {"GCPService": {"executed_lines": [36, 37, 38, 39, 40, 41, 42, 50, 51, 57, 145, 149, 153, 154, 156], "summary": {"covered_lines": 15, "num_statements": 24, "percent_covered": 62.5, "percent_covered_display": "62", "missing_lines": 9, "excluded_lines": 0}, "missing_lines": [52, 73, 86, 99, 112, 125, 146, 150, 167], "excluded_lines": []}, "": {"executed_lines": [1, 3, 4, 5, 6, 8, 11, 14, 15, 17, 44, 63, 75, 88, 101, 114, 127, 158], "summary": {"covered_lines": 16, "num_statements": 16, "percent_covered": 100.0, "percent_covered_display": "100", "missing_lines": 0, "excluded_lines": 0}, "missing_lines": [], "excluded_lines": []}}}, "gcpoto/services/billing.py": {"executed_lines": [1, 3, 4, 6, 7, 9, 10, 13, 14, 16, 28, 29, 30, 31, 35, 51, 52, 55, 57, 58, 86, 95, 97, 100, 101, 102, 115, 117, 158, 170, 172, 177, 180, 187, 188, 190, 245, 277, 311, 344, 471, 619, 646, 652, 653, 654, 662, 664, 674, 680, 681, 710, 712, 730, 741], "summary": {"covered_lines": 53, "num_statements": 233, "percent_covered": 22.746781115879827, "percent_covered_display": "23", "missing_lines": 180, "excluded_lines": 0}, "missing_lines": [36, 43, 46, 60, 61, 63, 65, 66, 73, 78, 79, 80, 84, 98, 129, 131, 136, 138, 141, 151, 153, 154, 155, 156, 206, 208, 215, 217, 219, 224, 227, 230, 235, 242, 243, 257, 263, 264, 265, 275, 287, 293, 294, 295, 296, 306, 307, 309, 324, 326, 327, 328, 330, 333, 341, 342, 372, 373, 374, 375, 378, 385, 386, 389, 390, 393, 396, 399, 400, 403, 404, 405, 406, 407, 408, 413, 414, 415, 416, 417, 418, 419, 422, 423, 424, 425, 426, 429, 430, 435, 438, 439, 442, 443, 446, 449, 452, 457, 458, 460, 468, 469, 498, 499, 503, 504, 505, 508, 511, 512, 513, 516, 517, 520, 523, 524, 525, 528, 529, 530, 533, 536, 539, 540, 541, 542, 545, 546, 547, 548, 549, 550, 551, 556, 557, 558, 559, 560, 561, 562, 563, 564, 565, 566, 569, 570, 571, 572, 573, 576, 577, 582, 583, 586, 589, 592, 593, 597, 600, 601, 602, 604, 614, 616, 617, 632, 634, 635, 636, 639, 641, 643, 644, 682, 723, 724, 727, 728, 739, 750], "excluded_lines": [], "functions": {"BillingService.__init__": {"executed_lines": [28, 29, 30, 31, 35, 51, 52, 55], "summary": {"covered_lines": 8, "num_statements": 11, "percent_covered": 72.72727272727273, "percent_covered_display": "73", "missing_lines": 3, "excluded_lines": 0}, "missing_lines": [36, 43, 46], "excluded_lines": []}, "BillingService.budget_client": {"executed_lines": [], "summary": {"covered_lines": 0, "num_statements": 10, "percent_covered": 0.0, "percent_covered_display": "0", "missing_lines": 10, "excluded_lines": 0}, "missing_lines": [60, 61, 63, 65, 66, 73, 78, 79, 80, 84], "excluded_lines": []}, "BillingService.list_billing_accounts": {"executed_lines": [95, 97, 100, 101, 102, 115], "summary": {"covered_lines": 6, "num_statements": 7, "percent_covered": 85.71428571428571, "percent_covered_display": "86", "missing_lines": 1, "excluded_lines": 0}, "missing_lines": [98], "excluded_lines": []}, "BillingService.get_billing_account": {"executed_lines": [], "summary": {"covered_lines": 0, "num_statements": 10, "percent_covered": 0.0, "percent_covered_display": "0", "missing_lines": 10, "excluded_lines": 0}, "missing_lines": [129, 131, 136, 138, 141, 151, 153, 154, 155, 156], "excluded_lines": []}, "BillingService.get_project_billing_info": {"executed_lines": [170, 172, 177, 180, 187, 188], "summary": {"covered_lines": 6, "num_statements": 6, "percent_covered": 100.0, "percent_covered_display": "100", "missing_lines": 0, "excluded_lines": 0}, "missing_lines": [], "excluded_lines": []}, "BillingService.update_project_billing_info": {"executed_lines": [], "summary": {"covered_lines": 0, "num_statements": 11, "percent_covered": 0.0, "percent_covered_display": "0", "missing_lines": 11, "excluded_lines": 0}, "missing_lines": [206, 208, 215, 217, 219, 224, 227, 230, 235, 242, 243], "excluded_lines": []}, "BillingService.list_project_billing_info": {"executed_lines": [], "summary": {"covered_lines": 0, "num_statements": 5, "percent_covered": 0.0, "percent_covered_display": "0", "missing_lines": 5, "excluded_lines": 0}, "missing_lines": [257, 263, 264, 265, 275], "excluded_lines": []}, "BillingService.list_budgets": {"executed_lines": [], "summary": {"covered_lines": 0, "num_statements": 8, "percent_covered": 0.0, "percent_covered_display": "0", "missing_lines": 8, "excluded_lines": 0}, "missing_lines": [287, 293, 294, 295, 296, 306, 307, 309], "excluded_lines": []}, "BillingService.get_budget": {"executed_lines": [], "summary": {"covered_lines": 0, "num_statements": 8, "percent_covered": 0.0, "percent_covered_display": "0", "missing_lines": 8, "excluded_lines": 0}, "missing_lines": [324, 326, 327, 328, 330, 333, 341, 342], "excluded_lines": []}, "BillingService.create_budget": {"executed_lines": [], "summary": {"covered_lines": 0, "num_statements": 46, "percent_covered": 0.0, "percent_covered_display": "0", "missing_lines": 46, "excluded_lines": 0}, "missing_lines": [372, 373, 374, 375, 378, 385, 386, 389, 390, 393, 396, 399, 400, 403, 404, 405, 406, 407, 408, 413, 414, 415, 416, 417, 418, 419, 422, 423, 424, 425, 426, 429, 430, 435, 438, 439, 442, 443, 446, 449, 452, 457, 458, 460, 468, 469], "excluded_lines": []}, "BillingService.update_budget": {"executed_lines": [], "summary": {"covered_lines": 0, "num_statements": 63, "percent_covered": 0.0, "percent_covered_display": "0", "missing_lines": 63, "excluded_lines": 0}, "missing_lines": [498, 499, 503, 504, 505, 508, 511, 512, 513, 516, 517, 520, 523, 524, 525, 528, 529, 530, 533, 536, 539, 540, 541, 542, 545, 546, 547, 548, 549, 550, 551, 556, 557, 558, 559, 560, 561, 562, 563, 564, 565, 566, 569, 570, 571, 572, 573, 576, 577, 582, 583, 586, 589, 592, 593, 597, 600, 601, 602, 604, 614, 616, 617], "excluded_lines": []}, "BillingService.delete_budget": {"executed_lines": [], "summary": {"covered_lines": 0, "num_statements": 8, "percent_covered": 0.0, "percent_covered_display": "0", "missing_lines": 8, "excluded_lines": 0}, "missing_lines": [632, 634, 635, 636, 639, 641, 643, 644], "excluded_lines": []}, "BillingService.list_services": {"executed_lines": [652, 653, 654, 662], "summary": {"covered_lines": 4, "num_statements": 4, "percent_covered": 100.0, "percent_covered_display": "100", "missing_lines": 0, "excluded_lines": 0}, "missing_lines": [], "excluded_lines": []}, "BillingService.list_skus": {"executed_lines": [674, 680, 681, 710], "summary": {"covered_lines": 4, "num_statements": 5, "percent_covered": 80.0, "percent_covered_display": "80", "missing_lines": 1, "excluded_lines": 0}, "missing_lines": [682], "excluded_lines": []}, "BillingService._proto_to_dict": {"executed_lines": [], "summary": {"covered_lines": 0, "num_statements": 4, "percent_covered": 0.0, "percent_covered_display": "0", "missing_lines": 4, "excluded_lines": 0}, "missing_lines": [723, 724, 727, 728], "excluded_lines": []}, "BillingService.list_resources": {"executed_lines": [], "summary": {"covered_lines": 0, "num_statements": 1, "percent_covered": 0.0, "percent_covered_display": "0", "missing_lines": 1, "excluded_lines": 0}, "missing_lines": [739], "excluded_lines": []}, "BillingService.get_resource": {"executed_lines": [], "summary": {"covered_lines": 0, "num_statements": 1, "percent_covered": 0.0, "percent_covered_display": "0", "missing_lines": 1, "excluded_lines": 0}, "missing_lines": [750], "excluded_lines": []}, "": {"executed_lines": [1, 3, 4, 6, 7, 9, 10, 13, 14, 16, 57, 58, 86, 117, 158, 190, 245, 277, 311, 344, 471, 619, 646, 664, 712, 730, 741], "summary": {"covered_lines": 25, "num_statements": 25, "percent_covered": 100.0, "percent_covered_display": "100", "missing_lines": 0, "excluded_lines": 0}, "missing_lines": [], "excluded_lines": []}}, "classes": {"BillingService": {"executed_lines": [28, 29, 30, 31, 35, 51, 52, 55, 95, 97, 100, 101, 102, 115, 170, 172, 177, 180, 187, 188, 652, 653, 654, 662, 674, 680, 681, 710], "summary": {"covered_lines": 28, "num_statements": 208, "percent_covered": 13.461538461538462, "percent_covered_display": "13", "missing_lines": 180, "excluded_lines": 0}, "missing_lines": [36, 43, 46, 60, 61, 63, 65, 66, 73, 78, 79, 80, 84, 98, 129, 131, 136, 138, 141, 151, 153, 154, 155, 156, 206, 208, 215, 217, 219, 224, 227, 230, 235, 242, 243, 257, 263, 264, 265, 275, 287, 293, 294, 295, 296, 306, 307, 309, 324, 326, 327, 328, 330, 333, 341, 342, 372, 373, 374, 375, 378, 385, 386, 389, 390, 393, 396, 399, 400, 403, 404, 405, 406, 407, 408, 413, 414, 415, 416, 417, 418, 419, 422, 423, 424, 425, 426, 429, 430, 435, 438, 439, 442, 443, 446, 449, 452, 457, 458, 460, 468, 469, 498, 499, 503, 504, 505, 508, 511, 512, 513, 516, 517, 520, 523, 524, 525, 528, 529, 530, 533, 536, 539, 540, 541, 542, 545, 546, 547, 548, 549, 550, 551, 556, 557, 558, 559, 560, 561, 562, 563, 564, 565, 566, 569, 570, 571, 572, 573, 576, 577, 582, 583, 586, 589, 592, 593, 597, 600, 601, 602, 604, 614, 616, 617, 632, 634, 635, 636, 639, 641, 643, 644, 682, 723, 724, 727, 728, 739, 750], "excluded_lines": []}, "": {"executed_lines": [1, 3, 4, 6, 7, 9, 10, 13, 14, 16, 57, 58, 86, 117, 158, 190, 245, 277, 311, 344, 471, 619, 646, 664, 712, 730, 741], "summary": {"covered_lines": 25, "num_statements": 25, "percent_covered": 100.0, "percent_covered_display": "100", "missing_lines": 0, "excluded_lines": 0}, "missing_lines": [], "excluded_lines": []}}}, "gcpoto/services/compute.py": {"executed_lines": [], "summary": {"covered_lines": 0, "num_statements": 33, "percent_covered": 0.0, "percent_covered_display": "0", "missing_lines": 33, "excluded_lines": 0}, "missing_lines": [3, 5, 6, 9, 11, 12, 13, 15, 16, 25, 39, 42, 53, 61, 71, 76, 78, 79, 80, 82, 84, 95, 101, 103, 105, 118, 124, 130, 132, 134, 145, 151, 153], "excluded_lines": [], "functions": {"ComputeInstance.from_api_response": {"executed_lines": [], "summary": {"covered_lines": 0, "num_statements": 1, "percent_covered": 0.0, "percent_covered_display": "0", "missing_lines": 1, "excluded_lines": 0}, "missing_lines": [25], "excluded_lines": []}, "ComputeService.__init__": {"executed_lines": [], "summary": {"covered_lines": 0, "num_statements": 1, "percent_covered": 0.0, "percent_covered_display": "0", "missing_lines": 1, "excluded_lines": 0}, "missing_lines": [53], "excluded_lines": []}, "ComputeService.list_resources": {"executed_lines": [], "summary": {"covered_lines": 0, "num_statements": 6, "percent_covered": 0.0, "percent_covered_display": "0", "missing_lines": 6, "excluded_lines": 0}, "missing_lines": [71, 76, 78, 79, 80, 82], "excluded_lines": []}, "ComputeService.get_resource": {"executed_lines": [], "summary": {"covered_lines": 0, "num_statements": 3, "percent_covered": 0.0, "percent_covered_display": "0", "missing_lines": 3, "excluded_lines": 0}, "missing_lines": [95, 101, 103], "excluded_lines": []}, "ComputeService.create_resource": {"executed_lines": [], "summary": {"covered_lines": 0, "num_statements": 4, "percent_covered": 0.0, "percent_covered_display": "0", "missing_lines": 4, "excluded_lines": 0}, "missing_lines": [118, 124, 130, 132], "excluded_lines": []}, "ComputeService.delete_resource": {"executed_lines": [], "summary": {"covered_lines": 0, "num_statements": 3, "percent_covered": 0.0, "percent_covered_display": "0", "missing_lines": 3, "excluded_lines": 0}, "missing_lines": [145, 151, 153], "excluded_lines": []}, "": {"executed_lines": [], "summary": {"covered_lines": 0, "num_statements": 15, "percent_covered": 0.0, "percent_covered_display": "0", "missing_lines": 15, "excluded_lines": 0}, "missing_lines": [3, 5, 6, 9, 11, 12, 13, 15, 16, 39, 42, 61, 84, 105, 134], "excluded_lines": []}}, "classes": {"ComputeInstance": {"executed_lines": [], "summary": {"covered_lines": 0, "num_statements": 1, "percent_covered": 0.0, "percent_covered_display": "0", "missing_lines": 1, "excluded_lines": 0}, "missing_lines": [25], "excluded_lines": []}, "ComputeService": {"executed_lines": [], "summary": {"covered_lines": 0, "num_statements": 17, "percent_covered": 0.0, "percent_covered_display": "0", "missing_lines": 17, "excluded_lines": 0}, "missing_lines": [53, 71, 76, 78, 79, 80, 82, 95, 101, 103, 118, 124, 130, 132, 145, 151, 153], "excluded_lines": []}, "": {"executed_lines": [], "summary": {"covered_lines": 0, "num_statements": 15, "percent_covered": 0.0, "percent_covered_display": "0", "missing_lines": 15, "excluded_lines": 0}, "missing_lines": [3, 5, 6, 9, 11, 12, 13, 15, 16, 39, 42, 61, 84, 105, 134], "excluded_lines": []}}}, "gcpoto/services/pubsub.py": {"executed_lines": [1, 3, 5, 6, 7, 8, 10, 11, 14, 15, 17, 33, 43, 44, 49, 52, 53, 55, 64, 69, 70, 71, 80, 100, 123, 124, 131, 133, 134, 137, 139, 142, 145, 148, 152, 156, 157, 161, 168, 169, 171, 173, 193, 206, 207, 212, 213, 216, 217, 221, 280, 300, 408, 428, 457], "summary": {"covered_lines": 53, "num_statements": 173, "percent_covered": 30.63583815028902, "percent_covered_display": "31", "missing_lines": 120, "excluded_lines": 0}, "missing_lines": [45, 50, 72, 73, 76, 78, 90, 91, 93, 95, 96, 98, 126, 128, 140, 143, 146, 149, 153, 154, 164, 165, 166, 167, 170, 183, 184, 186, 188, 189, 191, 209, 219, 231, 233, 234, 236, 238, 243, 248, 250, 251, 254, 256, 258, 261, 262, 267, 268, 273, 274, 276, 278, 290, 291, 293, 295, 296, 298, 335, 336, 338, 340, 343, 344, 346, 349, 353, 354, 356, 357, 359, 360, 362, 363, 365, 366, 369, 371, 372, 374, 375, 377, 378, 380, 381, 383, 384, 387, 388, 389, 391, 392, 396, 399, 400, 401, 402, 403, 404, 405, 406, 418, 419, 421, 423, 424, 426, 441, 442, 444, 446, 453, 455, 468, 469, 471, 473, 479, 481], "excluded_lines": [], "functions": {"PubSubService.__init__": {"executed_lines": [33, 43, 44, 49, 52, 53], "summary": {"covered_lines": 6, "num_statements": 8, "percent_covered": 75.0, "percent_covered_display": "75", "missing_lines": 2, "excluded_lines": 0}, "missing_lines": [45, 50], "excluded_lines": []}, "PubSubService.list_resources": {"executed_lines": [64, 69, 70, 71], "summary": {"covered_lines": 4, "num_statements": 8, "percent_covered": 50.0, "percent_covered_display": "50", "missing_lines": 4, "excluded_lines": 0}, "missing_lines": [72, 73, 76, 78], "excluded_lines": []}, "PubSubService.get_topic": {"executed_lines": [], "summary": {"covered_lines": 0, "num_statements": 6, "percent_covered": 0.0, "percent_covered_display": "0", "missing_lines": 6, "excluded_lines": 0}, "missing_lines": [90, 91, 93, 95, 96, 98], "excluded_lines": []}, "PubSubService.create_topic": {"executed_lines": [123, 124, 131, 133, 134, 137, 139, 142, 145, 148, 152, 156, 157, 161, 168, 169, 171], "summary": {"covered_lines": 17, "num_statements": 30, "percent_covered": 56.666666666666664, "percent_covered_display": "57", "missing_lines": 13, "excluded_lines": 0}, "missing_lines": [126, 128, 140, 143, 146, 149, 153, 154, 164, 165, 166, 167, 170], "excluded_lines": []}, "PubSubService.delete_topic": {"executed_lines": [], "summary": {"covered_lines": 0, "num_statements": 6, "percent_covered": 0.0, "percent_covered_display": "0", "missing_lines": 6, "excluded_lines": 0}, "missing_lines": [183, 184, 186, 188, 189, 191], "excluded_lines": []}, "PubSubService.publish_message": {"executed_lines": [206, 207, 212, 213, 216, 217], "summary": {"covered_lines": 6, "num_statements": 8, "percent_covered": 75.0, "percent_covered_display": "75", "missing_lines": 2, "excluded_lines": 0}, "missing_lines": [209, 219], "excluded_lines": []}, "PubSubService.list_subscriptions": {"executed_lines": [], "summary": {"covered_lines": 0, "num_statements": 20, "percent_covered": 0.0, "percent_covered_display": "0", "missing_lines": 20, "excluded_lines": 0}, "missing_lines": [231, 233, 234, 236, 238, 243, 248, 250, 251, 254, 256, 258, 261, 262, 267, 268, 273, 274, 276, 278], "excluded_lines": []}, "PubSubService.get_subscription": {"executed_lines": [], "summary": {"covered_lines": 0, "num_statements": 6, "percent_covered": 0.0, "percent_covered_display": "0", "missing_lines": 6, "excluded_lines": 0}, "missing_lines": [290, 291, 293, 295, 296, 298], "excluded_lines": []}, "PubSubService.create_subscription": {"executed_lines": [], "summary": {"covered_lines": 0, "num_statements": 43, "percent_covered": 0.0, "percent_covered_display": "0", "missing_lines": 43, "excluded_lines": 0}, "missing_lines": [335, 336, 338, 340, 343, 344, 346, 349, 353, 354, 356, 357, 359, 360, 362, 363, 365, 366, 369, 371, 372, 374, 375, 377, 378, 380, 381, 383, 384, 387, 388, 389, 391, 392, 396, 399, 400, 401, 402, 403, 404, 405, 406], "excluded_lines": []}, "PubSubService.delete_subscription": {"executed_lines": [], "summary": {"covered_lines": 0, "num_statements": 6, "percent_covered": 0.0, "percent_covered_display": "0", "missing_lines": 6, "excluded_lines": 0}, "missing_lines": [418, 419, 421, 423, 424, 426], "excluded_lines": []}, "PubSubService.pull_messages": {"executed_lines": [], "summary": {"covered_lines": 0, "num_statements": 6, "percent_covered": 0.0, "percent_covered_display": "0", "missing_lines": 6, "excluded_lines": 0}, "missing_lines": [441, 442, 444, 446, 453, 455], "excluded_lines": []}, "PubSubService.acknowledge_messages": {"executed_lines": [], "summary": {"covered_lines": 0, "num_statements": 6, "percent_covered": 0.0, "percent_covered_display": "0", "missing_lines": 6, "excluded_lines": 0}, "missing_lines": [468, 469, 471, 473, 479, 481], "excluded_lines": []}, "": {"executed_lines": [1, 3, 5, 6, 7, 8, 10, 11, 14, 15, 17, 55, 80, 100, 173, 193, 221, 280, 300, 408, 428, 457], "summary": {"covered_lines": 20, "num_statements": 20, "percent_covered": 100.0, "percent_covered_display": "100", "missing_lines": 0, "excluded_lines": 0}, "missing_lines": [], "excluded_lines": []}}, "classes": {"PubSubService": {"executed_lines": [33, 43, 44, 49, 52, 53, 64, 69, 70, 71, 123, 124, 131, 133, 134, 137, 139, 142, 145, 148, 152, 156, 157, 161, 168, 169, 171, 206, 207, 212, 213, 216, 217], "summary": {"covered_lines": 33, "num_statements": 153, "percent_covered": 21.568627450980394, "percent_covered_display": "22", "missing_lines": 120, "excluded_lines": 0}, "missing_lines": [45, 50, 72, 73, 76, 78, 90, 91, 93, 95, 96, 98, 126, 128, 140, 143, 146, 149, 153, 154, 164, 165, 166, 167, 170, 183, 184, 186, 188, 189, 191, 209, 219, 231, 233, 234, 236, 238, 243, 248, 250, 251, 254, 256, 258, 261, 262, 267, 268, 273, 274, 276, 278, 290, 291, 293, 295, 296, 298, 335, 336, 338, 340, 343, 344, 346, 349, 353, 354, 356, 357, 359, 360, 362, 363, 365, 366, 369, 371, 372, 374, 375, 377, 378, 380, 381, 383, 384, 387, 388, 389, 391, 392, 396, 399, 400, 401, 402, 403, 404, 405, 406, 418, 419, 421, 423, 424, 426, 441, 442, 444, 446, 453, 455, 468, 469, 471, 473, 479, 481], "excluded_lines": []}, "": {"executed_lines": [1, 3, 5, 6, 7, 8, 10, 11, 14, 15, 17, 55, 80, 100, 173, 193, 221, 280, 300, 408, 428, 457], "summary": {"covered_lines": 20, "num_statements": 20, "percent_covered": 100.0, "percent_covered_display": "100", "missing_lines": 0, "excluded_lines": 0}, "missing_lines": [], "excluded_lines": []}}}, "gcpoto/services/resource_manager.py": {"executed_lines": [1, 3, 4, 6, 7, 8, 10, 11, 14, 15, 17, 27, 28, 29, 30, 33, 34, 35, 37, 43, 51, 52, 53, 55, 87, 121, 173, 234, 264, 292, 323, 354, 394, 432, 461, 489, 524, 559, 595, 606, 617, 634, 650], "summary": {"covered_lines": 41, "num_statements": 188, "percent_covered": 21.80851063829787, "percent_covered_display": "22", "missing_lines": 147, "excluded_lines": 0}, "missing_lines": [44, 45, 65, 66, 67, 69, 70, 71, 85, 99, 101, 102, 105, 118, 119, 140, 142, 143, 144, 146, 147, 150, 151, 152, 155, 156, 157, 160, 165, 168, 170, 171, 190, 192, 193, 196, 199, 200, 201, 204, 205, 206, 207, 208, 211, 212, 213, 217, 218, 226, 229, 231, 232, 249, 251, 254, 257, 259, 261, 262, 276, 278, 281, 284, 287, 289, 290, 303, 304, 305, 307, 308, 310, 321, 335, 337, 338, 341, 351, 352, 370, 372, 373, 374, 377, 383, 386, 389, 391, 392, 407, 409, 410, 413, 416, 424, 427, 429, 430, 446, 448, 451, 454, 456, 458, 459, 473, 475, 478, 481, 484, 486, 487, 503, 505, 508, 516, 519, 521, 522, 538, 540, 543, 551, 554, 556, 557, 571, 572, 573, 574, 576, 577, 578, 581, 583, 584, 585, 588, 589, 590, 593, 604, 615, 626, 643, 659], "excluded_lines": [], "functions": {"ResourceManagerService.__init__": {"executed_lines": [27, 28, 29, 30, 33, 34, 35], "summary": {"covered_lines": 7, "num_statements": 7, "percent_covered": 100.0, "percent_covered_display": "100", "missing_lines": 0, "excluded_lines": 0}, "missing_lines": [], "excluded_lines": []}, "ResourceManagerService._get_credentials": {"executed_lines": [43, 51, 52, 53], "summary": {"covered_lines": 4, "num_statements": 6, "percent_covered": 66.66666666666667, "percent_covered_display": "67", "missing_lines": 2, "excluded_lines": 0}, "missing_lines": [44, 45], "excluded_lines": []}, "ResourceManagerService.list_projects": {"executed_lines": [], "summary": {"covered_lines": 0, "num_statements": 7, "percent_covered": 0.0, "percent_covered_display": "0", "missing_lines": 7, "excluded_lines": 0}, "missing_lines": [65, 66, 67, 69, 70, 71, 85], "excluded_lines": []}, "ResourceManagerService.get_project": {"executed_lines": [], "summary": {"covered_lines": 0, "num_statements": 6, "percent_covered": 0.0, "percent_covered_display": "0", "missing_lines": 6, "excluded_lines": 0}, "missing_lines": [99, 101, 102, 105, 118, 119], "excluded_lines": []}, "ResourceManagerService.create_project": {"executed_lines": [], "summary": {"covered_lines": 0, "num_statements": 17, "percent_covered": 0.0, "percent_covered_display": "0", "missing_lines": 17, "excluded_lines": 0}, "missing_lines": [140, 142, 143, 144, 146, 147, 150, 151, 152, 155, 156, 157, 160, 165, 168, 170, 171], "excluded_lines": []}, "ResourceManagerService.update_project": {"executed_lines": [], "summary": {"covered_lines": 0, "num_statements": 21, "percent_covered": 0.0, "percent_covered_display": "0", "missing_lines": 21, "excluded_lines": 0}, "missing_lines": [190, 192, 193, 196, 199, 200, 201, 204, 205, 206, 207, 208, 211, 212, 213, 217, 218, 226, 229, 231, 232], "excluded_lines": []}, "ResourceManagerService.delete_project": {"executed_lines": [], "summary": {"covered_lines": 0, "num_statements": 7, "percent_covered": 0.0, "percent_covered_display": "0", "missing_lines": 7, "excluded_lines": 0}, "missing_lines": [249, 251, 254, 257, 259, 261, 262], "excluded_lines": []}, "ResourceManagerService.undelete_project": {"executed_lines": [], "summary": {"covered_lines": 0, "num_statements": 7, "percent_covered": 0.0, "percent_covered_display": "0", "missing_lines": 7, "excluded_lines": 0}, "missing_lines": [276, 278, 281, 284, 287, 289, 290], "excluded_lines": []}, "ResourceManagerService.list_folders": {"executed_lines": [], "summary": {"covered_lines": 0, "num_statements": 7, "percent_covered": 0.0, "percent_covered_display": "0", "missing_lines": 7, "excluded_lines": 0}, "missing_lines": [303, 304, 305, 307, 308, 310, 321], "excluded_lines": []}, "ResourceManagerService.get_folder": {"executed_lines": [], "summary": {"covered_lines": 0, "num_statements": 6, "percent_covered": 0.0, "percent_covered_display": "0", "missing_lines": 6, "excluded_lines": 0}, "missing_lines": [335, 337, 338, 341, 351, 352], "excluded_lines": []}, "ResourceManagerService.create_folder": {"executed_lines": [], "summary": {"covered_lines": 0, "num_statements": 10, "percent_covered": 0.0, "percent_covered_display": "0", "missing_lines": 10, "excluded_lines": 0}, "missing_lines": [370, 372, 373, 374, 377, 383, 386, 389, 391, 392], "excluded_lines": []}, "ResourceManagerService.update_folder": {"executed_lines": [], "summary": {"covered_lines": 0, "num_statements": 9, "percent_covered": 0.0, "percent_covered_display": "0", "missing_lines": 9, "excluded_lines": 0}, "missing_lines": [407, 409, 410, 413, 416, 424, 427, 429, 430], "excluded_lines": []}, "ResourceManagerService.delete_folder": {"executed_lines": [], "summary": {"covered_lines": 0, "num_statements": 7, "percent_covered": 0.0, "percent_covered_display": "0", "missing_lines": 7, "excluded_lines": 0}, "missing_lines": [446, 448, 451, 454, 456, 458, 459], "excluded_lines": []}, "ResourceManagerService.undelete_folder": {"executed_lines": [], "summary": {"covered_lines": 0, "num_statements": 7, "percent_covered": 0.0, "percent_covered_display": "0", "missing_lines": 7, "excluded_lines": 0}, "missing_lines": [473, 475, 478, 481, 484, 486, 487], "excluded_lines": []}, "ResourceManagerService.move_folder": {"executed_lines": [], "summary": {"covered_lines": 0, "num_statements": 7, "percent_covered": 0.0, "percent_covered_display": "0", "missing_lines": 7, "excluded_lines": 0}, "missing_lines": [503, 505, 508, 516, 519, 521, 522], "excluded_lines": []}, "ResourceManagerService.move_project": {"executed_lines": [], "summary": {"covered_lines": 0, "num_statements": 7, "percent_covered": 0.0, "percent_covered_display": "0", "missing_lines": 7, "excluded_lines": 0}, "missing_lines": [538, 540, 543, 551, 554, 556, 557], "excluded_lines": []}, "ResourceManagerService._wait_for_operation": {"executed_lines": [], "summary": {"covered_lines": 0, "num_statements": 15, "percent_covered": 0.0, "percent_covered_display": "0", "missing_lines": 15, "excluded_lines": 0}, "missing_lines": [571, 572, 573, 574, 576, 577, 578, 581, 583, 584, 585, 588, 589, 590, 593], "excluded_lines": []}, "ResourceManagerService.list_resources": {"executed_lines": [], "summary": {"covered_lines": 0, "num_statements": 1, "percent_covered": 0.0, "percent_covered_display": "0", "missing_lines": 1, "excluded_lines": 0}, "missing_lines": [604], "excluded_lines": []}, "ResourceManagerService.get_resource": {"executed_lines": [], "summary": {"covered_lines": 0, "num_statements": 1, "percent_covered": 0.0, "percent_covered_display": "0", "missing_lines": 1, "excluded_lines": 0}, "missing_lines": [615], "excluded_lines": []}, "ResourceManagerService.create_resource": {"executed_lines": [], "summary": {"covered_lines": 0, "num_statements": 1, "percent_covered": 0.0, "percent_covered_display": "0", "missing_lines": 1, "excluded_lines": 0}, "missing_lines": [626], "excluded_lines": []}, "ResourceManagerService.update_resource": {"executed_lines": [], "summary": {"covered_lines": 0, "num_statements": 1, "percent_covered": 0.0, "percent_covered_display": "0", "missing_lines": 1, "excluded_lines": 0}, "missing_lines": [643], "excluded_lines": []}, "ResourceManagerService.delete_resource": {"executed_lines": [], "summary": {"covered_lines": 0, "num_statements": 1, "percent_covered": 0.0, "percent_covered_display": "0", "missing_lines": 1, "excluded_lines": 0}, "missing_lines": [659], "excluded_lines": []}, "": {"executed_lines": [1, 3, 4, 6, 7, 8, 10, 11, 14, 15, 17, 37, 55, 87, 121, 173, 234, 264, 292, 323, 354, 394, 432, 461, 489, 524, 559, 595, 606, 617, 634, 650], "summary": {"covered_lines": 30, "num_statements": 30, "percent_covered": 100.0, "percent_covered_display": "100", "missing_lines": 0, "excluded_lines": 0}, "missing_lines": [], "excluded_lines": []}}, "classes": {"ResourceManagerService": {"executed_lines": [27, 28, 29, 30, 33, 34, 35, 43, 51, 52, 53], "summary": {"covered_lines": 11, "num_statements": 158, "percent_covered": 6.962025316455696, "percent_covered_display": "7", "missing_lines": 147, "excluded_lines": 0}, "missing_lines": [44, 45, 65, 66, 67, 69, 70, 71, 85, 99, 101, 102, 105, 118, 119, 140, 142, 143, 144, 146, 147, 150, 151, 152, 155, 156, 157, 160, 165, 168, 170, 171, 190, 192, 193, 196, 199, 200, 201, 204, 205, 206, 207, 208, 211, 212, 213, 217, 218, 226, 229, 231, 232, 249, 251, 254, 257, 259, 261, 262, 276, 278, 281, 284, 287, 289, 290, 303, 304, 305, 307, 308, 310, 321, 335, 337, 338, 341, 351, 352, 370, 372, 373, 374, 377, 383, 386, 389, 391, 392, 407, 409, 410, 413, 416, 424, 427, 429, 430, 446, 448, 451, 454, 456, 458, 459, 473, 475, 478, 481, 484, 486, 487, 503, 505, 508, 516, 519, 521, 522, 538, 540, 543, 551, 554, 556, 557, 571, 572, 573, 574, 576, 577, 578, 581, 583, 584, 585, 588, 589, 590, 593, 604, 615, 626, 643, 659], "excluded_lines": []}, "": {"executed_lines": [1, 3, 4, 6, 7, 8, 10, 11, 14, 15, 17, 37, 55, 87, 121, 173, 234, 264, 292, 323, 354, 394, 432, 461, 489, 524, 559, 595, 606, 617, 634, 650], "summary": {"covered_lines": 30, "num_statements": 30, "percent_covered": 100.0, "percent_covered_display": "100", "missing_lines": 0, "excluded_lines": 0}, "missing_lines": [], "excluded_lines": []}}}, "gcpoto/services/storage.py": {"executed_lines": [1, 3, 4, 5, 7, 8, 9, 12, 13, 14, 15, 17, 18, 40, 41, 43, 81, 109, 158, 220, 231, 236, 239, 240, 244, 255, 263, 272, 273, 275, 276, 279, 281, 296, 324], "summary": {"covered_lines": 32, "num_statements": 111, "percent_covered": 28.82882882882883, "percent_covered_display": "29", "missing_lines": 79, "excluded_lines": 0}, "missing_lines": [27, 54, 58, 59, 61, 62, 64, 65, 68, 69, 71, 73, 74, 77, 79, 92, 97, 98, 100, 101, 104, 105, 107, 123, 128, 129, 131, 134, 135, 137, 138, 139, 142, 144, 146, 147, 149, 150, 151, 152, 155, 156, 173, 176, 180, 181, 184, 185, 186, 189, 190, 191, 193, 194, 197, 201, 202, 203, 204, 207, 212, 215, 216, 218, 237, 242, 277, 291, 292, 294, 306, 312, 313, 315, 320, 322, 334, 335, 337], "excluded_lines": [], "functions": {"StorageBucket.from_api_response": {"executed_lines": [], "summary": {"covered_lines": 0, "num_statements": 1, "percent_covered": 0.0, "percent_covered_display": "0", "missing_lines": 1, "excluded_lines": 0}, "missing_lines": [27], "excluded_lines": []}, "StorageService.list_objects": {"executed_lines": [], "summary": {"covered_lines": 0, "num_statements": 14, "percent_covered": 0.0, "percent_covered_display": "0", "missing_lines": 14, "excluded_lines": 0}, "missing_lines": [54, 58, 59, 61, 62, 64, 65, 68, 69, 71, 73, 74, 77, 79], "excluded_lines": []}, "StorageService.get_object": {"executed_lines": [], "summary": {"covered_lines": 0, "num_statements": 8, "percent_covered": 0.0, "percent_covered_display": "0", "missing_lines": 8, "excluded_lines": 0}, "missing_lines": [92, 97, 98, 100, 101, 104, 105, 107], "excluded_lines": []}, "StorageService.download_object": {"executed_lines": [], "summary": {"covered_lines": 0, "num_statements": 19, "percent_covered": 0.0, "percent_covered_display": "0", "missing_lines": 19, "excluded_lines": 0}, "missing_lines": [123, 128, 129, 131, 134, 135, 137, 138, 139, 142, 144, 146, 147, 149, 150, 151, 152, 155, 156], "excluded_lines": []}, "StorageService.upload_object": {"executed_lines": [], "summary": {"covered_lines": 0, "num_statements": 22, "percent_covered": 0.0, "percent_covered_display": "0", "missing_lines": 22, "excluded_lines": 0}, "missing_lines": [173, 176, 180, 181, 184, 185, 186, 189, 190, 191, 193, 194, 197, 201, 202, 203, 204, 207, 212, 215, 216, 218], "excluded_lines": []}, "StorageService.delete_object": {"executed_lines": [231, 236, 239, 240], "summary": {"covered_lines": 4, "num_statements": 6, "percent_covered": 66.66666666666667, "percent_covered_display": "67", "missing_lines": 2, "excluded_lines": 0}, "missing_lines": [237, 242], "excluded_lines": []}, "StorageService.__init__": {"executed_lines": [255], "summary": {"covered_lines": 1, "num_statements": 1, "percent_covered": 100.0, "percent_covered_display": "100", "missing_lines": 0, "excluded_lines": 0}, "missing_lines": [], "excluded_lines": []}, "StorageService.list_resources": {"executed_lines": [272, 273, 275, 276, 279], "summary": {"covered_lines": 5, "num_statements": 6, "percent_covered": 83.33333333333333, "percent_covered_display": "83", "missing_lines": 1, "excluded_lines": 0}, "missing_lines": [277], "excluded_lines": []}, "StorageService.get_resource": {"executed_lines": [], "summary": {"covered_lines": 0, "num_statements": 3, "percent_covered": 0.0, "percent_covered_display": "0", "missing_lines": 3, "excluded_lines": 0}, "missing_lines": [291, 292, 294], "excluded_lines": []}, "StorageService.create_resource": {"executed_lines": [], "summary": {"covered_lines": 0, "num_statements": 6, "percent_covered": 0.0, "percent_covered_display": "0", "missing_lines": 6, "excluded_lines": 0}, "missing_lines": [306, 312, 313, 315, 320, 322], "excluded_lines": []}, "StorageService.delete_resource": {"executed_lines": [], "summary": {"covered_lines": 0, "num_statements": 3, "percent_covered": 0.0, "percent_covered_display": "0", "missing_lines": 3, "excluded_lines": 0}, "missing_lines": [334, 335, 337], "excluded_lines": []}, "": {"executed_lines": [1, 3, 4, 5, 7, 8, 9, 12, 13, 14, 15, 17, 18, 40, 41, 43, 81, 109, 158, 220, 244, 263, 281, 296, 324], "summary": {"covered_lines": 22, "num_statements": 22, "percent_covered": 100.0, "percent_covered_display": "100", "missing_lines": 0, "excluded_lines": 0}, "missing_lines": [], "excluded_lines": []}}, "classes": {"StorageBucket": {"executed_lines": [], "summary": {"covered_lines": 0, "num_statements": 1, "percent_covered": 0.0, "percent_covered_display": "0", "missing_lines": 1, "excluded_lines": 0}, "missing_lines": [27], "excluded_lines": []}, "StorageService": {"executed_lines": [231, 236, 239, 240, 255, 272, 273, 275, 276, 279], "summary": {"covered_lines": 10, "num_statements": 88, "percent_covered": 11.363636363636363, "percent_covered_display": "11", "missing_lines": 78, "excluded_lines": 0}, "missing_lines": [54, 58, 59, 61, 62, 64, 65, 68, 69, 71, 73, 74, 77, 79, 92, 97, 98, 100, 101, 104, 105, 107, 123, 128, 129, 131, 134, 135, 137, 138, 139, 142, 144, 146, 147, 149, 150, 151, 152, 155, 156, 173, 176, 180, 181, 184, 185, 186, 189, 190, 191, 193, 194, 197, 201, 202, 203, 204, 207, 212, 215, 216, 218, 237, 242, 277, 291, 292, 294, 306, 312, 313, 315, 320, 322, 334, 335, 337], "excluded_lines": []}, "": {"executed_lines": [1, 3, 4, 5, 7, 8, 9, 12, 13, 14, 15, 17, 18, 40, 41, 43, 81, 109, 158, 220, 244, 263, 281, 296, 324], "summary": {"covered_lines": 22, "num_statements": 22, "percent_covered": 100.0, "percent_covered_display": "100", "missing_lines": 0, "excluded_lines": 0}, "missing_lines": [], "excluded_lines": []}}}}, "totals": {"covered_lines": 417, "num_statements": 1452, "percent_covered": 28.71900826446281, "percent_covered_display": "29", "missing_lines": 1035, "excluded_lines": 0}}