{"meta": {"format": 3, "version": "7.8.0", "timestamp": "2025-04-06T01:21:32.097764", "branch_coverage": false, "show_contexts": false}, "files": {"gcpoto/__init__.py": {"executed_lines": [1, 3, 4, 5], "summary": {"covered_lines": 3, "num_statements": 3, "percent_covered": 100.0, "percent_covered_display": "100", "missing_lines": 0, "excluded_lines": 0}, "missing_lines": [], "excluded_lines": [], "functions": {"": {"executed_lines": [1, 3, 4, 5], "summary": {"covered_lines": 3, "num_statements": 3, "percent_covered": 100.0, "percent_covered_display": "100", "missing_lines": 0, "excluded_lines": 0}, "missing_lines": [], "excluded_lines": []}}, "classes": {"": {"executed_lines": [1, 3, 4, 5], "summary": {"covered_lines": 3, "num_statements": 3, "percent_covered": 100.0, "percent_covered_display": "100", "missing_lines": 0, "excluded_lines": 0}, "missing_lines": [], "excluded_lines": []}}}, "gcpoto/cli/__init__.py": {"executed_lines": [], "summary": {"covered_lines": 0, "num_statements": 0, "percent_covered": 100.0, "percent_covered_display": "100", "missing_lines": 0, "excluded_lines": 0}, "missing_lines": [], "excluded_lines": [], "functions": {"": {"executed_lines": [], "summary": {"covered_lines": 0, "num_statements": 0, "percent_covered": 100.0, "percent_covered_display": "100", "missing_lines": 0, "excluded_lines": 0}, "missing_lines": [], "excluded_lines": []}}, "classes": {"": {"executed_lines": [], "summary": {"covered_lines": 0, "num_statements": 0, "percent_covered": 100.0, "percent_covered_display": "100", "missing_lines": 0, "excluded_lines": 0}, "missing_lines": [], "excluded_lines": []}}}, "gcpoto/cli/main.py": {"executed_lines": [], "summary": {"covered_lines": 0, "num_statements": 327, "percent_covered": 0.0, "percent_covered_display": "0", "missing_lines": 327, "excluded_lines": 0}, "missing_lines": [3, 4, 5, 6, 8, 9, 10, 11, 14, 15, 16, 21, 26, 27, 28, 29, 30, 32, 33, 34, 35, 36, 37, 40, 41, 42, 44, 47, 48, 49, 51, 53, 54, 55, 57, 62, 63, 66, 67, 68, 69, 70, 72, 74, 75, 76, 78, 83, 84, 87, 88, 89, 90, 91, 93, 95, 96, 97, 99, 104, 105, 108, 109, 110, 111, 112, 113, 115, 117, 118, 119, 121, 127, 128, 130, 131, 134, 135, 136, 137, 138, 139, 140, 142, 144, 145, 146, 149, 150, 152, 157, 158, 159, 162, 163, 164, 165, 166, 167, 169, 171, 172, 173, 175, 180, 181, 184, 185, 186, 188, 191, 192, 193, 195, 197, 198, 199, 201, 206, 207, 210, 211, 212, 213, 215, 217, 218, 219, 221, 226, 227, 230, 231, 232, 233, 234, 235, 236, 237, 239, 241, 242, 243, 246, 247, 248, 249, 250, 252, 255, 256, 257, 261, 266, 274, 275, 278, 279, 280, 281, 282, 284, 286, 287, 288, 290, 295, 296, 299, 300, 301, 302, 303, 304, 306, 308, 309, 310, 313, 314, 315, 316, 317, 319, 321, 326, 332, 335, 336, 337, 338, 340, 342, 343, 344, 346, 351, 352, 355, 356, 357, 358, 360, 362, 363, 364, 366, 371, 372, 375, 376, 377, 378, 379, 380, 381, 382, 383, 384, 385, 386, 389, 391, 392, 393, 396, 397, 398, 399, 400, 402, 405, 406, 407, 411, 416, 428, 429, 432, 433, 434, 435, 436, 438, 440, 441, 442, 444, 449, 450, 453, 454, 455, 456, 457, 458, 460, 462, 463, 464, 466, 471, 473, 474, 475, 478, 480, 481, 482, 483, 484, 485, 488, 489, 490, 491, 492, 494, 495, 496, 497, 498, 499, 500, 503, 504, 505, 508, 509, 510, 512, 515, 516, 517, 518, 520, 522, 523, 524, 526, 527, 528, 530, 535, 536, 539, 546, 547, 549, 550, 551, 552, 553, 554, 555, 556, 557, 558, 559, 561, 562, 563, 564, 567, 569, 572, 573], "excluded_lines": [], "functions": {"cli": {"executed_lines": [], "summary": {"covered_lines": 0, "num_statements": 6, "percent_covered": 0.0, "percent_covered_display": "0", "missing_lines": 6, "excluded_lines": 0}, "missing_lines": [32, 33, 34, 35, 36, 37], "excluded_lines": []}, "storage": {"executed_lines": [], "summary": {"covered_lines": 0, "num_statements": 1, "percent_covered": 0.0, "percent_covered_display": "0", "missing_lines": 1, "excluded_lines": 0}, "missing_lines": [44], "excluded_lines": []}, "list_buckets": {"executed_lines": [], "summary": {"covered_lines": 0, "num_statements": 7, "percent_covered": 0.0, "percent_covered_display": "0", "missing_lines": 7, "excluded_lines": 0}, "missing_lines": [51, 53, 54, 55, 57, 62, 63], "excluded_lines": []}, "list_objects": {"executed_lines": [], "summary": {"covered_lines": 0, "num_statements": 7, "percent_covered": 0.0, "percent_covered_display": "0", "missing_lines": 7, "excluded_lines": 0}, "missing_lines": [72, 74, 75, 76, 78, 83, 84], "excluded_lines": []}, "get_object": {"executed_lines": [], "summary": {"covered_lines": 0, "num_statements": 7, "percent_covered": 0.0, "percent_covered_display": "0", "missing_lines": 7, "excluded_lines": 0}, "missing_lines": [93, 95, 96, 97, 99, 104, 105], "excluded_lines": []}, "download_object": {"executed_lines": [], "summary": {"covered_lines": 0, "num_statements": 9, "percent_covered": 0.0, "percent_covered_display": "0", "missing_lines": 9, "excluded_lines": 0}, "missing_lines": [115, 117, 118, 119, 121, 127, 128, 130, 131], "excluded_lines": []}, "upload_object": {"executed_lines": [], "summary": {"covered_lines": 0, "num_statements": 10, "percent_covered": 0.0, "percent_covered_display": "0", "missing_lines": 10, "excluded_lines": 0}, "missing_lines": [142, 144, 145, 146, 149, 150, 152, 157, 158, 159], "excluded_lines": []}, "delete_object": {"executed_lines": [], "summary": {"covered_lines": 0, "num_statements": 7, "percent_covered": 0.0, "percent_covered_display": "0", "missing_lines": 7, "excluded_lines": 0}, "missing_lines": [169, 171, 172, 173, 175, 180, 181], "excluded_lines": []}, "pubsub": {"executed_lines": [], "summary": {"covered_lines": 0, "num_statements": 1, "percent_covered": 0.0, "percent_covered_display": "0", "missing_lines": 1, "excluded_lines": 0}, "missing_lines": [188], "excluded_lines": []}, "list_topics": {"executed_lines": [], "summary": {"covered_lines": 0, "num_statements": 7, "percent_covered": 0.0, "percent_covered_display": "0", "missing_lines": 7, "excluded_lines": 0}, "missing_lines": [195, 197, 198, 199, 201, 206, 207], "excluded_lines": []}, "get_topic": {"executed_lines": [], "summary": {"covered_lines": 0, "num_statements": 7, "percent_covered": 0.0, "percent_covered_display": "0", "missing_lines": 7, "excluded_lines": 0}, "missing_lines": [215, 217, 218, 219, 221, 226, 227], "excluded_lines": []}, "create_topic": {"executed_lines": [], "summary": {"covered_lines": 0, "num_statements": 17, "percent_covered": 0.0, "percent_covered_display": "0", "missing_lines": 17, "excluded_lines": 0}, "missing_lines": [239, 241, 242, 243, 246, 247, 248, 249, 250, 252, 255, 256, 257, 261, 266, 274, 275], "excluded_lines": []}, "delete_topic": {"executed_lines": [], "summary": {"covered_lines": 0, "num_statements": 7, "percent_covered": 0.0, "percent_covered_display": "0", "missing_lines": 7, "excluded_lines": 0}, "missing_lines": [284, 286, 287, 288, 290, 295, 296], "excluded_lines": []}, "publish_message": {"executed_lines": [], "summary": {"covered_lines": 0, "num_statements": 13, "percent_covered": 0.0, "percent_covered_display": "0", "missing_lines": 13, "excluded_lines": 0}, "missing_lines": [306, 308, 309, 310, 313, 314, 315, 316, 317, 319, 321, 326, 332], "excluded_lines": []}, "list_subscriptions": {"executed_lines": [], "summary": {"covered_lines": 0, "num_statements": 7, "percent_covered": 0.0, "percent_covered_display": "0", "missing_lines": 7, "excluded_lines": 0}, "missing_lines": [340, 342, 343, 344, 346, 351, 352], "excluded_lines": []}, "get_subscription": {"executed_lines": [], "summary": {"covered_lines": 0, "num_statements": 7, "percent_covered": 0.0, "percent_covered_display": "0", "missing_lines": 7, "excluded_lines": 0}, "missing_lines": [360, 362, 363, 364, 366, 371, 372], "excluded_lines": []}, "create_subscription": {"executed_lines": [], "summary": {"covered_lines": 0, "num_statements": 17, "percent_covered": 0.0, "percent_covered_display": "0", "missing_lines": 17, "excluded_lines": 0}, "missing_lines": [389, 391, 392, 393, 396, 397, 398, 399, 400, 402, 405, 406, 407, 411, 416, 428, 429], "excluded_lines": []}, "delete_subscription": {"executed_lines": [], "summary": {"covered_lines": 0, "num_statements": 7, "percent_covered": 0.0, "percent_covered_display": "0", "missing_lines": 7, "excluded_lines": 0}, "missing_lines": [438, 440, 441, 442, 444, 449, 450], "excluded_lines": []}, "pull_messages": {"executed_lines": [], "summary": {"covered_lines": 0, "num_statements": 31, "percent_covered": 0.0, "percent_covered_display": "0", "missing_lines": 31, "excluded_lines": 0}, "missing_lines": [460, 462, 463, 464, 466, 471, 473, 474, 475, 478, 480, 481, 482, 483, 484, 485, 488, 489, 490, 491, 492, 494, 495, 496, 497, 498, 499, 500, 503, 504, 505], "excluded_lines": []}, "compute": {"executed_lines": [], "summary": {"covered_lines": 0, "num_statements": 1, "percent_covered": 0.0, "percent_covered_display": "0", "missing_lines": 1, "excluded_lines": 0}, "missing_lines": [512], "excluded_lines": []}, "list_instances": {"executed_lines": [], "summary": {"covered_lines": 0, "num_statements": 10, "percent_covered": 0.0, "percent_covered_display": "0", "missing_lines": 10, "excluded_lines": 0}, "missing_lines": [520, 522, 523, 524, 526, 527, 528, 530, 535, 536], "excluded_lines": []}, "_output_result": {"executed_lines": [], "summary": {"covered_lines": 0, "num_statements": 17, "percent_covered": 0.0, "percent_covered_display": "0", "missing_lines": 17, "excluded_lines": 0}, "missing_lines": [546, 547, 549, 550, 551, 552, 553, 554, 555, 556, 557, 558, 559, 561, 562, 563, 564], "excluded_lines": []}, "main": {"executed_lines": [], "summary": {"covered_lines": 0, "num_statements": 1, "percent_covered": 0.0, "percent_covered_display": "0", "missing_lines": 1, "excluded_lines": 0}, "missing_lines": [569], "excluded_lines": []}, "": {"executed_lines": [], "summary": {"covered_lines": 0, "num_statements": 123, "percent_covered": 0.0, "percent_covered_display": "0", "missing_lines": 123, "excluded_lines": 0}, "missing_lines": [3, 4, 5, 6, 8, 9, 10, 11, 14, 15, 16, 21, 26, 27, 28, 29, 30, 40, 41, 42, 47, 48, 49, 66, 67, 68, 69, 70, 87, 88, 89, 90, 91, 108, 109, 110, 111, 112, 113, 134, 135, 136, 137, 138, 139, 140, 162, 163, 164, 165, 166, 167, 184, 185, 186, 191, 192, 193, 210, 211, 212, 213, 230, 231, 232, 233, 234, 235, 236, 237, 278, 279, 280, 281, 282, 299, 300, 301, 302, 303, 304, 335, 336, 337, 338, 355, 356, 357, 358, 375, 376, 377, 378, 379, 380, 381, 382, 383, 384, 385, 386, 432, 433, 434, 435, 436, 453, 454, 455, 456, 457, 458, 508, 509, 510, 515, 516, 517, 518, 539, 567, 572, 573], "excluded_lines": []}}, "classes": {"": {"executed_lines": [], "summary": {"covered_lines": 0, "num_statements": 327, "percent_covered": 0.0, "percent_covered_display": "0", "missing_lines": 327, "excluded_lines": 0}, "missing_lines": [3, 4, 5, 6, 8, 9, 10, 11, 14, 15, 16, 21, 26, 27, 28, 29, 30, 32, 33, 34, 35, 36, 37, 40, 41, 42, 44, 47, 48, 49, 51, 53, 54, 55, 57, 62, 63, 66, 67, 68, 69, 70, 72, 74, 75, 76, 78, 83, 84, 87, 88, 89, 90, 91, 93, 95, 96, 97, 99, 104, 105, 108, 109, 110, 111, 112, 113, 115, 117, 118, 119, 121, 127, 128, 130, 131, 134, 135, 136, 137, 138, 139, 140, 142, 144, 145, 146, 149, 150, 152, 157, 158, 159, 162, 163, 164, 165, 166, 167, 169, 171, 172, 173, 175, 180, 181, 184, 185, 186, 188, 191, 192, 193, 195, 197, 198, 199, 201, 206, 207, 210, 211, 212, 213, 215, 217, 218, 219, 221, 226, 227, 230, 231, 232, 233, 234, 235, 236, 237, 239, 241, 242, 243, 246, 247, 248, 249, 250, 252, 255, 256, 257, 261, 266, 274, 275, 278, 279, 280, 281, 282, 284, 286, 287, 288, 290, 295, 296, 299, 300, 301, 302, 303, 304, 306, 308, 309, 310, 313, 314, 315, 316, 317, 319, 321, 326, 332, 335, 336, 337, 338, 340, 342, 343, 344, 346, 351, 352, 355, 356, 357, 358, 360, 362, 363, 364, 366, 371, 372, 375, 376, 377, 378, 379, 380, 381, 382, 383, 384, 385, 386, 389, 391, 392, 393, 396, 397, 398, 399, 400, 402, 405, 406, 407, 411, 416, 428, 429, 432, 433, 434, 435, 436, 438, 440, 441, 442, 444, 449, 450, 453, 454, 455, 456, 457, 458, 460, 462, 463, 464, 466, 471, 473, 474, 475, 478, 480, 481, 482, 483, 484, 485, 488, 489, 490, 491, 492, 494, 495, 496, 497, 498, 499, 500, 503, 504, 505, 508, 509, 510, 512, 515, 516, 517, 518, 520, 522, 523, 524, 526, 527, 528, 530, 535, 536, 539, 546, 547, 549, 550, 551, 552, 553, 554, 555, 556, 557, 558, 559, 561, 562, 563, 564, 567, 569, 572, 573], "excluded_lines": []}}}, "gcpoto/models/__init__.py": {"executed_lines": [0], "summary": {"covered_lines": 0, "num_statements": 0, "percent_covered": 100.0, "percent_covered_display": "100", "missing_lines": 0, "excluded_lines": 0}, "missing_lines": [], "excluded_lines": [], "functions": {"": {"executed_lines": [], "summary": {"covered_lines": 0, "num_statements": 0, "percent_covered": 100.0, "percent_covered_display": "100", "missing_lines": 0, "excluded_lines": 0}, "missing_lines": [], "excluded_lines": []}}, "classes": {"": {"executed_lines": [], "summary": {"covered_lines": 0, "num_statements": 0, "percent_covered": 100.0, "percent_covered_display": "100", "missing_lines": 0, "excluded_lines": 0}, "missing_lines": [], "excluded_lines": []}}}, "gcpoto/models/base.py": {"executed_lines": [1, 3, 4, 5, 7, 10, 11, 12, 13, 14, 15, 16, 17, 18, 19, 21, 22, 23, 25, 33, 34], "summary": {"covered_lines": 18, "num_statements": 20, "percent_covered": 90.0, "percent_covered_display": "90", "missing_lines": 2, "excluded_lines": 0}, "missing_lines": [31, 45], "excluded_lines": [], "functions": {"GCPResource.to_dict": {"executed_lines": [], "summary": {"covered_lines": 0, "num_statements": 1, "percent_covered": 0.0, "percent_covered_display": "0", "missing_lines": 1, "excluded_lines": 0}, "missing_lines": [31], "excluded_lines": []}, "GCPResource.from_api_response": {"executed_lines": [], "summary": {"covered_lines": 0, "num_statements": 1, "percent_covered": 0.0, "percent_covered_display": "0", "missing_lines": 1, "excluded_lines": 0}, "missing_lines": [45], "excluded_lines": []}, "": {"executed_lines": [1, 3, 4, 5, 7, 10, 11, 12, 13, 14, 15, 16, 17, 18, 19, 21, 22, 23, 25, 33, 34], "summary": {"covered_lines": 18, "num_statements": 18, "percent_covered": 100.0, "percent_covered_display": "100", "missing_lines": 0, "excluded_lines": 0}, "missing_lines": [], "excluded_lines": []}}, "classes": {"GCPResource": {"executed_lines": [], "summary": {"covered_lines": 0, "num_statements": 2, "percent_covered": 0.0, "percent_covered_display": "0", "missing_lines": 2, "excluded_lines": 0}, "missing_lines": [31, 45], "excluded_lines": []}, "GCPResource.Config": {"executed_lines": [], "summary": {"covered_lines": 0, "num_statements": 0, "percent_covered": 100.0, "percent_covered_display": "100", "missing_lines": 0, "excluded_lines": 0}, "missing_lines": [], "excluded_lines": []}, "": {"executed_lines": [1, 3, 4, 5, 7, 10, 11, 12, 13, 14, 15, 16, 17, 18, 19, 21, 22, 23, 25, 33, 34], "summary": {"covered_lines": 18, "num_statements": 18, "percent_covered": 100.0, "percent_covered_display": "100", "missing_lines": 0, "excluded_lines": 0}, "missing_lines": [], "excluded_lines": []}}}, "gcpoto/models/billing.py": {"executed_lines": [1, 3, 4, 5, 7, 10, 11, 13, 16, 19, 20, 24, 25, 34, 35, 41, 42, 76, 77, 79, 80, 83, 87, 88, 97, 98, 107, 108, 137, 138, 140, 141, 142, 145, 146, 150, 154, 155, 161, 162, 168, 169], "summary": {"covered_lines": 38, "num_statements": 98, "percent_covered": 38.775510204081634, "percent_covered_display": "39", "missing_lines": 60, "excluded_lines": 0}, "missing_lines": [27, 28, 30, 31, 32, 37, 38, 39, 52, 53, 54, 55, 58, 61, 90, 91, 92, 93, 94, 95, 100, 101, 102, 103, 104, 105, 118, 119, 120, 121, 122, 123, 126, 157, 158, 159, 164, 165, 166, 182, 183, 184, 185, 188, 189, 190, 193, 194, 196, 197, 198, 201, 202, 206, 207, 210, 211, 212, 213, 216], "excluded_lines": [], "functions": {"BillingAccount.validate_name": {"executed_lines": [], "summary": {"covered_lines": 0, "num_statements": 5, "percent_covered": 0.0, "percent_covered_display": "0", "missing_lines": 5, "excluded_lines": 0}, "missing_lines": [27, 28, 30, 31, 32], "excluded_lines": []}, "BillingAccount.validate_id": {"executed_lines": [], "summary": {"covered_lines": 0, "num_statements": 3, "percent_covered": 0.0, "percent_covered_display": "0", "missing_lines": 3, "excluded_lines": 0}, "missing_lines": [37, 38, 39], "excluded_lines": []}, "BillingAccount.from_api_response": {"executed_lines": [], "summary": {"covered_lines": 0, "num_statements": 6, "percent_covered": 0.0, "percent_covered_display": "0", "missing_lines": 6, "excluded_lines": 0}, "missing_lines": [52, 53, 54, 55, 58, 61], "excluded_lines": []}, "ProjectBillingInfo.validate_name": {"executed_lines": [], "summary": {"covered_lines": 0, "num_statements": 6, "percent_covered": 0.0, "percent_covered_display": "0", "missing_lines": 6, "excluded_lines": 0}, "missing_lines": [90, 91, 92, 93, 94, 95], "excluded_lines": []}, "ProjectBillingInfo.validate_id": {"executed_lines": [], "summary": {"covered_lines": 0, "num_statements": 6, "percent_covered": 0.0, "percent_covered_display": "0", "missing_lines": 6, "excluded_lines": 0}, "missing_lines": [100, 101, 102, 103, 104, 105], "excluded_lines": []}, "ProjectBillingInfo.from_api_response": {"executed_lines": [], "summary": {"covered_lines": 0, "num_statements": 7, "percent_covered": 0.0, "percent_covered_display": "0", "missing_lines": 7, "excluded_lines": 0}, "missing_lines": [118, 119, 120, 121, 122, 123, 126], "excluded_lines": []}, "BillingBudget.validate_name": {"executed_lines": [], "summary": {"covered_lines": 0, "num_statements": 3, "percent_covered": 0.0, "percent_covered_display": "0", "missing_lines": 3, "excluded_lines": 0}, "missing_lines": [157, 158, 159], "excluded_lines": []}, "BillingBudget.validate_id": {"executed_lines": [], "summary": {"covered_lines": 0, "num_statements": 3, "percent_covered": 0.0, "percent_covered_display": "0", "missing_lines": 3, "excluded_lines": 0}, "missing_lines": [164, 165, 166], "excluded_lines": []}, "BillingBudget.from_api_response": {"executed_lines": [], "summary": {"covered_lines": 0, "num_statements": 21, "percent_covered": 0.0, "percent_covered_display": "0", "missing_lines": 21, "excluded_lines": 0}, "missing_lines": [182, 183, 184, 185, 188, 189, 190, 193, 194, 196, 197, 198, 201, 202, 206, 207, 210, 211, 212, 213, 216], "excluded_lines": []}, "": {"executed_lines": [1, 3, 4, 5, 7, 10, 11, 13, 16, 19, 20, 24, 25, 34, 35, 41, 42, 76, 77, 79, 80, 83, 87, 88, 97, 98, 107, 108, 137, 138, 140, 141, 142, 145, 146, 150, 154, 155, 161, 162, 168, 169], "summary": {"covered_lines": 38, "num_statements": 38, "percent_covered": 100.0, "percent_covered_display": "100", "missing_lines": 0, "excluded_lines": 0}, "missing_lines": [], "excluded_lines": []}}, "classes": {"BillingAccount": {"executed_lines": [], "summary": {"covered_lines": 0, "num_statements": 14, "percent_covered": 0.0, "percent_covered_display": "0", "missing_lines": 14, "excluded_lines": 0}, "missing_lines": [27, 28, 30, 31, 32, 37, 38, 39, 52, 53, 54, 55, 58, 61], "excluded_lines": []}, "ProjectBillingInfo": {"executed_lines": [], "summary": {"covered_lines": 0, "num_statements": 19, "percent_covered": 0.0, "percent_covered_display": "0", "missing_lines": 19, "excluded_lines": 0}, "missing_lines": [90, 91, 92, 93, 94, 95, 100, 101, 102, 103, 104, 105, 118, 119, 120, 121, 122, 123, 126], "excluded_lines": []}, "BillingBudget": {"executed_lines": [], "summary": {"covered_lines": 0, "num_statements": 27, "percent_covered": 0.0, "percent_covered_display": "0", "missing_lines": 27, "excluded_lines": 0}, "missing_lines": [157, 158, 159, 164, 165, 166, 182, 183, 184, 185, 188, 189, 190, 193, 194, 196, 197, 198, 201, 202, 206, 207, 210, 211, 212, 213, 216], "excluded_lines": []}, "": {"executed_lines": [1, 3, 4, 5, 7, 10, 11, 13, 16, 19, 20, 24, 25, 34, 35, 41, 42, 76, 77, 79, 80, 83, 87, 88, 97, 98, 107, 108, 137, 138, 140, 141, 142, 145, 146, 150, 154, 155, 161, 162, 168, 169], "summary": {"covered_lines": 38, "num_statements": 38, "percent_covered": 100.0, "percent_covered_display": "100", "missing_lines": 0, "excluded_lines": 0}, "missing_lines": [], "excluded_lines": []}}}, "gcpoto/models/pubsub.py": {"executed_lines": [1, 3, 4, 6, 7, 10, 11, 12, 18, 19, 20, 21, 24, 25, 26, 29, 32, 35, 38, 42, 43, 44, 46, 47, 98, 99, 100, 101, 104, 109, 110, 111, 114, 119, 120, 121, 124, 129, 130, 131, 134, 135, 136, 137, 140, 143, 146, 149, 152, 155, 158, 161, 164, 168, 169, 170, 172, 173], "summary": {"covered_lines": 47, "num_statements": 98, "percent_covered": 47.95918367346939, "percent_covered_display": "48", "missing_lines": 51, "excluded_lines": 0}, "missing_lines": [59, 60, 63, 64, 65, 66, 69, 70, 71, 72, 75, 76, 77, 78, 79, 80, 82, 185, 186, 189, 190, 191, 192, 195, 196, 199, 200, 201, 202, 203, 204, 211, 212, 213, 214, 215, 216, 222, 223, 224, 225, 226, 227, 228, 234, 235, 236, 237, 238, 239, 241], "excluded_lines": [], "functions": {"PubSubTopic.from_api_response": {"executed_lines": [], "summary": {"covered_lines": 0, "num_statements": 17, "percent_covered": 0.0, "percent_covered_display": "0", "missing_lines": 17, "excluded_lines": 0}, "missing_lines": [59, 60, 63, 64, 65, 66, 69, 70, 71, 72, 75, 76, 77, 78, 79, 80, 82], "excluded_lines": []}, "PubSubSubscription.from_api_response": {"executed_lines": [], "summary": {"covered_lines": 0, "num_statements": 34, "percent_covered": 0.0, "percent_covered_display": "0", "missing_lines": 34, "excluded_lines": 0}, "missing_lines": [185, 186, 189, 190, 191, 192, 195, 196, 199, 200, 201, 202, 203, 204, 211, 212, 213, 214, 215, 216, 222, 223, 224, 225, 226, 227, 228, 234, 235, 236, 237, 238, 239, 241], "excluded_lines": []}, "": {"executed_lines": [1, 3, 4, 6, 7, 10, 11, 12, 18, 19, 20, 21, 24, 25, 26, 29, 32, 35, 38, 42, 43, 44, 46, 47, 98, 99, 100, 101, 104, 109, 110, 111, 114, 119, 120, 121, 124, 129, 130, 131, 134, 135, 136, 137, 140, 143, 146, 149, 152, 155, 158, 161, 164, 168, 169, 170, 172, 173], "summary": {"covered_lines": 47, "num_statements": 47, "percent_covered": 100.0, "percent_covered_display": "100", "missing_lines": 0, "excluded_lines": 0}, "missing_lines": [], "excluded_lines": []}}, "classes": {"MessageStoragePolicy": {"executed_lines": [], "summary": {"covered_lines": 0, "num_statements": 0, "percent_covered": 100.0, "percent_covered_display": "100", "missing_lines": 0, "excluded_lines": 0}, "missing_lines": [], "excluded_lines": []}, "SchemaSettings": {"executed_lines": [], "summary": {"covered_lines": 0, "num_statements": 0, "percent_covered": 100.0, "percent_covered_display": "100", "missing_lines": 0, "excluded_lines": 0}, "missing_lines": [], "excluded_lines": []}, "PubSubTopic": {"executed_lines": [], "summary": {"covered_lines": 0, "num_statements": 17, "percent_covered": 0.0, "percent_covered_display": "0", "missing_lines": 17, "excluded_lines": 0}, "missing_lines": [59, 60, 63, 64, 65, 66, 69, 70, 71, 72, 75, 76, 77, 78, 79, 80, 82], "excluded_lines": []}, "PubSubTopic.Config": {"executed_lines": [], "summary": {"covered_lines": 0, "num_statements": 0, "percent_covered": 100.0, "percent_covered_display": "100", "missing_lines": 0, "excluded_lines": 0}, "missing_lines": [], "excluded_lines": []}, "PushConfig": {"executed_lines": [], "summary": {"covered_lines": 0, "num_statements": 0, "percent_covered": 100.0, "percent_covered_display": "100", "missing_lines": 0, "excluded_lines": 0}, "missing_lines": [], "excluded_lines": []}, "DeadLetterPolicy": {"executed_lines": [], "summary": {"covered_lines": 0, "num_statements": 0, "percent_covered": 100.0, "percent_covered_display": "100", "missing_lines": 0, "excluded_lines": 0}, "missing_lines": [], "excluded_lines": []}, "RetryPolicy": {"executed_lines": [], "summary": {"covered_lines": 0, "num_statements": 0, "percent_covered": 100.0, "percent_covered_display": "100", "missing_lines": 0, "excluded_lines": 0}, "missing_lines": [], "excluded_lines": []}, "ExpirationPolicy": {"executed_lines": [], "summary": {"covered_lines": 0, "num_statements": 0, "percent_covered": 100.0, "percent_covered_display": "100", "missing_lines": 0, "excluded_lines": 0}, "missing_lines": [], "excluded_lines": []}, "PubSubSubscription": {"executed_lines": [], "summary": {"covered_lines": 0, "num_statements": 34, "percent_covered": 0.0, "percent_covered_display": "0", "missing_lines": 34, "excluded_lines": 0}, "missing_lines": [185, 186, 189, 190, 191, 192, 195, 196, 199, 200, 201, 202, 203, 204, 211, 212, 213, 214, 215, 216, 222, 223, 224, 225, 226, 227, 228, 234, 235, 236, 237, 238, 239, 241], "excluded_lines": []}, "PubSubSubscription.Config": {"executed_lines": [], "summary": {"covered_lines": 0, "num_statements": 0, "percent_covered": 100.0, "percent_covered_display": "100", "missing_lines": 0, "excluded_lines": 0}, "missing_lines": [], "excluded_lines": []}, "": {"executed_lines": [1, 3, 4, 6, 7, 10, 11, 12, 18, 19, 20, 21, 24, 25, 26, 29, 32, 35, 38, 42, 43, 44, 46, 47, 98, 99, 100, 101, 104, 109, 110, 111, 114, 119, 120, 121, 124, 129, 130, 131, 134, 135, 136, 137, 140, 143, 146, 149, 152, 155, 158, 161, 164, 168, 169, 170, 172, 173], "summary": {"covered_lines": 47, "num_statements": 47, "percent_covered": 100.0, "percent_covered_display": "100", "missing_lines": 0, "excluded_lines": 0}, "missing_lines": [], "excluded_lines": []}}}, "gcpoto/models/resource_manager.py": {"executed_lines": [1, 3, 4, 5, 7, 10, 11, 12, 13, 14, 15, 16, 17, 18, 19, 21, 22, 31, 32, 38, 39, 74, 75, 76, 77, 78, 79, 80, 81, 82, 83, 85, 86, 95, 96, 102, 103], "summary": {"covered_lines": 34, "num_statements": 68, "percent_covered": 50.0, "percent_covered_display": "50", "missing_lines": 34, "excluded_lines": 0}, "missing_lines": [24, 25, 27, 28, 29, 34, 35, 36, 49, 50, 51, 52, 53, 56, 88, 89, 91, 92, 93, 98, 99, 100, 113, 114, 115, 116, 117, 120, 121, 122, 123, 124, 125, 128], "excluded_lines": [], "functions": {"Project.validate_name": {"executed_lines": [], "summary": {"covered_lines": 0, "num_statements": 5, "percent_covered": 0.0, "percent_covered_display": "0", "missing_lines": 5, "excluded_lines": 0}, "missing_lines": [24, 25, 27, 28, 29], "excluded_lines": []}, "Project.validate_id": {"executed_lines": [], "summary": {"covered_lines": 0, "num_statements": 3, "percent_covered": 0.0, "percent_covered_display": "0", "missing_lines": 3, "excluded_lines": 0}, "missing_lines": [34, 35, 36], "excluded_lines": []}, "Project.from_api_response": {"executed_lines": [], "summary": {"covered_lines": 0, "num_statements": 6, "percent_covered": 0.0, "percent_covered_display": "0", "missing_lines": 6, "excluded_lines": 0}, "missing_lines": [49, 50, 51, 52, 53, 56], "excluded_lines": []}, "Folder.validate_name": {"executed_lines": [], "summary": {"covered_lines": 0, "num_statements": 5, "percent_covered": 0.0, "percent_covered_display": "0", "missing_lines": 5, "excluded_lines": 0}, "missing_lines": [88, 89, 91, 92, 93], "excluded_lines": []}, "Folder.validate_id": {"executed_lines": [], "summary": {"covered_lines": 0, "num_statements": 3, "percent_covered": 0.0, "percent_covered_display": "0", "missing_lines": 3, "excluded_lines": 0}, "missing_lines": [98, 99, 100], "excluded_lines": []}, "Folder.from_api_response": {"executed_lines": [], "summary": {"covered_lines": 0, "num_statements": 12, "percent_covered": 0.0, "percent_covered_display": "0", "missing_lines": 12, "excluded_lines": 0}, "missing_lines": [113, 114, 115, 116, 117, 120, 121, 122, 123, 124, 125, 128], "excluded_lines": []}, "": {"executed_lines": [1, 3, 4, 5, 7, 10, 11, 12, 13, 14, 15, 16, 17, 18, 19, 21, 22, 31, 32, 38, 39, 74, 75, 76, 77, 78, 79, 80, 81, 82, 83, 85, 86, 95, 96, 102, 103], "summary": {"covered_lines": 34, "num_statements": 34, "percent_covered": 100.0, "percent_covered_display": "100", "missing_lines": 0, "excluded_lines": 0}, "missing_lines": [], "excluded_lines": []}}, "classes": {"Project": {"executed_lines": [], "summary": {"covered_lines": 0, "num_statements": 14, "percent_covered": 0.0, "percent_covered_display": "0", "missing_lines": 14, "excluded_lines": 0}, "missing_lines": [24, 25, 27, 28, 29, 34, 35, 36, 49, 50, 51, 52, 53, 56], "excluded_lines": []}, "Folder": {"executed_lines": [], "summary": {"covered_lines": 0, "num_statements": 20, "percent_covered": 0.0, "percent_covered_display": "0", "missing_lines": 20, "excluded_lines": 0}, "missing_lines": [88, 89, 91, 92, 93, 98, 99, 100, 113, 114, 115, 116, 117, 120, 121, 122, 123, 124, 125, 128], "excluded_lines": []}, "": {"executed_lines": [1, 3, 4, 5, 7, 10, 11, 12, 13, 14, 15, 16, 17, 18, 19, 21, 22, 31, 32, 38, 39, 74, 75, 76, 77, 78, 79, 80, 81, 82, 83, 85, 86, 95, 96, 102, 103], "summary": {"covered_lines": 34, "num_statements": 34, "percent_covered": 100.0, "percent_covered_display": "100", "missing_lines": 0, "excluded_lines": 0}, "missing_lines": [], "excluded_lines": []}}}, "gcpoto/models/storage_object.py": {"executed_lines": [1, 3, 4, 5, 7, 8, 11, 12, 13, 14, 17, 18, 19, 20, 21, 22, 23, 24, 25, 26, 27, 28, 29, 30, 31, 33, 34, 35, 37, 38], "summary": {"covered_lines": 26, "num_statements": 36, "percent_covered": 72.22222222222223, "percent_covered_display": "72", "missing_lines": 10, "excluded_lines": 0}, "missing_lines": [47, 48, 49, 56, 57, 58, 59, 60, 62, 64], "excluded_lines": [], "functions": {"StorageObject.from_api_response": {"executed_lines": [], "summary": {"covered_lines": 0, "num_statements": 10, "percent_covered": 0.0, "percent_covered_display": "0", "missing_lines": 10, "excluded_lines": 0}, "missing_lines": [47, 48, 49, 56, 57, 58, 59, 60, 62, 64], "excluded_lines": []}, "": {"executed_lines": [1, 3, 4, 5, 7, 8, 11, 12, 13, 14, 17, 18, 19, 20, 21, 22, 23, 24, 25, 26, 27, 28, 29, 30, 31, 33, 34, 35, 37, 38], "summary": {"covered_lines": 26, "num_statements": 26, "percent_covered": 100.0, "percent_covered_display": "100", "missing_lines": 0, "excluded_lines": 0}, "missing_lines": [], "excluded_lines": []}}, "classes": {"ObjectAclEntry": {"executed_lines": [], "summary": {"covered_lines": 0, "num_statements": 0, "percent_covered": 100.0, "percent_covered_display": "100", "missing_lines": 0, "excluded_lines": 0}, "missing_lines": [], "excluded_lines": []}, "StorageObject": {"executed_lines": [], "summary": {"covered_lines": 0, "num_statements": 10, "percent_covered": 0.0, "percent_covered_display": "0", "missing_lines": 10, "excluded_lines": 0}, "missing_lines": [47, 48, 49, 56, 57, 58, 59, 60, 62, 64], "excluded_lines": []}, "StorageObject.Config": {"executed_lines": [], "summary": {"covered_lines": 0, "num_statements": 0, "percent_covered": 100.0, "percent_covered_display": "100", "missing_lines": 0, "excluded_lines": 0}, "missing_lines": [], "excluded_lines": []}, "": {"executed_lines": [1, 3, 4, 5, 7, 8, 11, 12, 13, 14, 17, 18, 19, 20, 21, 22, 23, 24, 25, 26, 27, 28, 29, 30, 31, 33, 34, 35, 37, 38], "summary": {"covered_lines": 26, "num_statements": 26, "percent_covered": 100.0, "percent_covered_display": "100", "missing_lines": 0, "excluded_lines": 0}, "missing_lines": [], "excluded_lines": []}}}, "gcpoto/schemas/__init__.py": {"executed_lines": [0], "summary": {"covered_lines": 0, "num_statements": 0, "percent_covered": 100.0, "percent_covered_display": "100", "missing_lines": 0, "excluded_lines": 0}, "missing_lines": [], "excluded_lines": [], "functions": {"": {"executed_lines": [], "summary": {"covered_lines": 0, "num_statements": 0, "percent_covered": 100.0, "percent_covered_display": "100", "missing_lines": 0, "excluded_lines": 0}, "missing_lines": [], "excluded_lines": []}}, "classes": {"": {"executed_lines": [], "summary": {"covered_lines": 0, "num_statements": 0, "percent_covered": 100.0, "percent_covered_display": "100", "missing_lines": 0, "excluded_lines": 0}, "missing_lines": [], "excluded_lines": []}}}, "gcpoto/schemas/base.py": {"executed_lines": [1, 3, 6, 49, 60], "summary": {"covered_lines": 4, "num_statements": 4, "percent_covered": 100.0, "percent_covered_display": "100", "missing_lines": 0, "excluded_lines": 0}, "missing_lines": [], "excluded_lines": [], "functions": {"get_schema": {"executed_lines": [60], "summary": {"covered_lines": 1, "num_statements": 1, "percent_covered": 100.0, "percent_covered_display": "100", "missing_lines": 0, "excluded_lines": 0}, "missing_lines": [], "excluded_lines": []}, "": {"executed_lines": [1, 3, 6, 49], "summary": {"covered_lines": 3, "num_statements": 3, "percent_covered": 100.0, "percent_covered_display": "100", "missing_lines": 0, "excluded_lines": 0}, "missing_lines": [], "excluded_lines": []}}, "classes": {"": {"executed_lines": [1, 3, 6, 49, 60], "summary": {"covered_lines": 4, "num_statements": 4, "percent_covered": 100.0, "percent_covered_display": "100", "missing_lines": 0, "excluded_lines": 0}, "missing_lines": [], "excluded_lines": []}}}, "gcpoto/schemas/pubsub.py": {"executed_lines": [1, 3, 6, 84, 218, 227, 228, 230], "summary": {"covered_lines": 7, "num_statements": 7, "percent_covered": 100.0, "percent_covered_display": "100", "missing_lines": 0, "excluded_lines": 0}, "missing_lines": [], "excluded_lines": [], "functions": {"get_schema": {"executed_lines": [227, 228, 230], "summary": {"covered_lines": 3, "num_statements": 3, "percent_covered": 100.0, "percent_covered_display": "100", "missing_lines": 0, "excluded_lines": 0}, "missing_lines": [], "excluded_lines": []}, "": {"executed_lines": [1, 3, 6, 84, 218], "summary": {"covered_lines": 4, "num_statements": 4, "percent_covered": 100.0, "percent_covered_display": "100", "missing_lines": 0, "excluded_lines": 0}, "missing_lines": [], "excluded_lines": []}}, "classes": {"": {"executed_lines": [1, 3, 6, 84, 218, 227, 228, 230], "summary": {"covered_lines": 7, "num_statements": 7, "percent_covered": 100.0, "percent_covered_display": "100", "missing_lines": 0, "excluded_lines": 0}, "missing_lines": [], "excluded_lines": []}}}, "gcpoto/schemas/storage_object.py": {"executed_lines": [1, 3, 6, 102, 108], "summary": {"covered_lines": 4, "num_statements": 4, "percent_covered": 100.0, "percent_covered_display": "100", "missing_lines": 0, "excluded_lines": 0}, "missing_lines": [], "excluded_lines": [], "functions": {"get_schema": {"executed_lines": [108], "summary": {"covered_lines": 1, "num_statements": 1, "percent_covered": 100.0, "percent_covered_display": "100", "missing_lines": 0, "excluded_lines": 0}, "missing_lines": [], "excluded_lines": []}, "": {"executed_lines": [1, 3, 6, 102], "summary": {"covered_lines": 3, "num_statements": 3, "percent_covered": 100.0, "percent_covered_display": "100", "missing_lines": 0, "excluded_lines": 0}, "missing_lines": [], "excluded_lines": []}}, "classes": {"": {"executed_lines": [1, 3, 6, 102, 108], "summary": {"covered_lines": 4, "num_statements": 4, "percent_covered": 100.0, "percent_covered_display": "100", "missing_lines": 0, "excluded_lines": 0}, "missing_lines": [], "excluded_lines": []}}}, "gcpoto/services/__init__.py": {"executed_lines": [0], "summary": {"covered_lines": 0, "num_statements": 0, "percent_covered": 100.0, "percent_covered_display": "100", "missing_lines": 0, "excluded_lines": 0}, "missing_lines": [], "excluded_lines": [], "functions": {"": {"executed_lines": [], "summary": {"covered_lines": 0, "num_statements": 0, "percent_covered": 100.0, "percent_covered_display": "100", "missing_lines": 0, "excluded_lines": 0}, "missing_lines": [], "excluded_lines": []}}, "classes": {"": {"executed_lines": [], "summary": {"covered_lines": 0, "num_statements": 0, "percent_covered": 100.0, "percent_covered_display": "100", "missing_lines": 0, "excluded_lines": 0}, "missing_lines": [], "excluded_lines": []}}}, "gcpoto/services/base.py": {"executed_lines": [1, 3, 4, 5, 6, 8, 11, 14, 15, 17, 44, 63, 75, 88, 101, 114, 127, 158], "summary": {"covered_lines": 16, "num_statements": 40, "percent_covered": 40.0, "percent_covered_display": "40", "missing_lines": 24, "excluded_lines": 0}, "missing_lines": [36, 37, 38, 39, 40, 41, 42, 50, 51, 52, 57, 73, 86, 99, 112, 125, 145, 146, 149, 150, 153, 154, 156, 167], "excluded_lines": [], "functions": {"GCPService.__init__": {"executed_lines": [], "summary": {"covered_lines": 0, "num_statements": 7, "percent_covered": 0.0, "percent_covered_display": "0", "missing_lines": 7, "excluded_lines": 0}, "missing_lines": [36, 37, 38, 39, 40, 41, 42], "excluded_lines": []}, "GCPService._create_service": {"executed_lines": [], "summary": {"covered_lines": 0, "num_statements": 4, "percent_covered": 0.0, "percent_covered_display": "0", "missing_lines": 4, "excluded_lines": 0}, "missing_lines": [50, 51, 52, 57], "excluded_lines": []}, "GCPService.list_resources": {"executed_lines": [], "summary": {"covered_lines": 0, "num_statements": 1, "percent_covered": 0.0, "percent_covered_display": "0", "missing_lines": 1, "excluded_lines": 0}, "missing_lines": [73], "excluded_lines": []}, "GCPService.get_resource": {"executed_lines": [], "summary": {"covered_lines": 0, "num_statements": 1, "percent_covered": 0.0, "percent_covered_display": "0", "missing_lines": 1, "excluded_lines": 0}, "missing_lines": [86], "excluded_lines": []}, "GCPService.create_resource": {"executed_lines": [], "summary": {"covered_lines": 0, "num_statements": 1, "percent_covered": 0.0, "percent_covered_display": "0", "missing_lines": 1, "excluded_lines": 0}, "missing_lines": [99], "excluded_lines": []}, "GCPService.update_resource": {"executed_lines": [], "summary": {"covered_lines": 0, "num_statements": 1, "percent_covered": 0.0, "percent_covered_display": "0", "missing_lines": 1, "excluded_lines": 0}, "missing_lines": [112], "excluded_lines": []}, "GCPService.delete_resource": {"executed_lines": [], "summary": {"covered_lines": 0, "num_statements": 1, "percent_covered": 0.0, "percent_covered_display": "0", "missing_lines": 1, "excluded_lines": 0}, "missing_lines": [125], "excluded_lines": []}, "GCPService._process_tags": {"executed_lines": [], "summary": {"covered_lines": 0, "num_statements": 7, "percent_covered": 0.0, "percent_covered_display": "0", "missing_lines": 7, "excluded_lines": 0}, "missing_lines": [145, 146, 149, 150, 153, 154, 156], "excluded_lines": []}, "GCPService._parse_response": {"executed_lines": [], "summary": {"covered_lines": 0, "num_statements": 1, "percent_covered": 0.0, "percent_covered_display": "0", "missing_lines": 1, "excluded_lines": 0}, "missing_lines": [167], "excluded_lines": []}, "": {"executed_lines": [1, 3, 4, 5, 6, 8, 11, 14, 15, 17, 44, 63, 75, 88, 101, 114, 127, 158], "summary": {"covered_lines": 16, "num_statements": 16, "percent_covered": 100.0, "percent_covered_display": "100", "missing_lines": 0, "excluded_lines": 0}, "missing_lines": [], "excluded_lines": []}}, "classes": {"GCPService": {"executed_lines": [], "summary": {"covered_lines": 0, "num_statements": 24, "percent_covered": 0.0, "percent_covered_display": "0", "missing_lines": 24, "excluded_lines": 0}, "missing_lines": [36, 37, 38, 39, 40, 41, 42, 50, 51, 52, 57, 73, 86, 99, 112, 125, 145, 146, 149, 150, 153, 154, 156, 167], "excluded_lines": []}, "": {"executed_lines": [1, 3, 4, 5, 6, 8, 11, 14, 15, 17, 44, 63, 75, 88, 101, 114, 127, 158], "summary": {"covered_lines": 16, "num_statements": 16, "percent_covered": 100.0, "percent_covered_display": "100", "missing_lines": 0, "excluded_lines": 0}, "missing_lines": [], "excluded_lines": []}}}, "gcpoto/services/billing.py": {"executed_lines": [1, 3, 4, 6, 7, 9, 10, 13, 14, 16, 36, 37, 47, 78, 113, 145, 200, 232, 266, 299, 426, 574, 601, 619, 667, 685, 696], "summary": {"covered_lines": 25, "num_statements": 216, "percent_covered": 11.574074074074074, "percent_covered_display": "12", "missing_lines": 191, "excluded_lines": 0}, "missing_lines": [26, 27, 30, 34, 39, 40, 42, 45, 56, 58, 59, 61, 62, 63, 76, 90, 92, 97, 100, 110, 111, 125, 127, 132, 135, 142, 143, 161, 163, 170, 172, 174, 179, 182, 185, 190, 197, 198, 212, 218, 219, 220, 230, 242, 248, 249, 250, 251, 261, 262, 264, 279, 281, 282, 283, 285, 288, 296, 297, 327, 328, 329, 330, 333, 340, 341, 344, 345, 348, 351, 354, 355, 358, 359, 360, 361, 362, 363, 368, 369, 370, 371, 372, 373, 374, 377, 378, 379, 380, 381, 384, 385, 390, 393, 394, 397, 398, 401, 404, 407, 412, 413, 415, 423, 424, 453, 454, 458, 459, 460, 463, 466, 467, 468, 471, 472, 475, 478, 479, 480, 483, 484, 485, 488, 491, 494, 495, 496, 497, 500, 501, 502, 503, 504, 505, 506, 511, 512, 513, 514, 515, 516, 517, 518, 519, 520, 521, 524, 525, 526, 527, 528, 531, 532, 537, 538, 541, 544, 547, 548, 552, 555, 556, 557, 559, 569, 571, 572, 587, 589, 590, 591, 594, 596, 598, 599, 607, 608, 609, 617, 629, 635, 636, 637, 665, 678, 679, 682, 683, 694, 705], "excluded_lines": [], "functions": {"BillingService.__init__": {"executed_lines": [], "summary": {"covered_lines": 0, "num_statements": 4, "percent_covered": 0.0, "percent_covered_display": "0", "missing_lines": 4, "excluded_lines": 0}, "missing_lines": [26, 27, 30, 34], "excluded_lines": []}, "BillingService.budget_client": {"executed_lines": [], "summary": {"covered_lines": 0, "num_statements": 4, "percent_covered": 0.0, "percent_covered_display": "0", "missing_lines": 4, "excluded_lines": 0}, "missing_lines": [39, 40, 42, 45], "excluded_lines": []}, "BillingService.list_billing_accounts": {"executed_lines": [], "summary": {"covered_lines": 0, "num_statements": 7, "percent_covered": 0.0, "percent_covered_display": "0", "missing_lines": 7, "excluded_lines": 0}, "missing_lines": [56, 58, 59, 61, 62, 63, 76], "excluded_lines": []}, "BillingService.get_billing_account": {"executed_lines": [], "summary": {"covered_lines": 0, "num_statements": 6, "percent_covered": 0.0, "percent_covered_display": "0", "missing_lines": 6, "excluded_lines": 0}, "missing_lines": [90, 92, 97, 100, 110, 111], "excluded_lines": []}, "BillingService.get_project_billing_info": {"executed_lines": [], "summary": {"covered_lines": 0, "num_statements": 6, "percent_covered": 0.0, "percent_covered_display": "0", "missing_lines": 6, "excluded_lines": 0}, "missing_lines": [125, 127, 132, 135, 142, 143], "excluded_lines": []}, "BillingService.update_project_billing_info": {"executed_lines": [], "summary": {"covered_lines": 0, "num_statements": 11, "percent_covered": 0.0, "percent_covered_display": "0", "missing_lines": 11, "excluded_lines": 0}, "missing_lines": [161, 163, 170, 172, 174, 179, 182, 185, 190, 197, 198], "excluded_lines": []}, "BillingService.list_project_billing_info": {"executed_lines": [], "summary": {"covered_lines": 0, "num_statements": 5, "percent_covered": 0.0, "percent_covered_display": "0", "missing_lines": 5, "excluded_lines": 0}, "missing_lines": [212, 218, 219, 220, 230], "excluded_lines": []}, "BillingService.list_budgets": {"executed_lines": [], "summary": {"covered_lines": 0, "num_statements": 8, "percent_covered": 0.0, "percent_covered_display": "0", "missing_lines": 8, "excluded_lines": 0}, "missing_lines": [242, 248, 249, 250, 251, 261, 262, 264], "excluded_lines": []}, "BillingService.get_budget": {"executed_lines": [], "summary": {"covered_lines": 0, "num_statements": 8, "percent_covered": 0.0, "percent_covered_display": "0", "missing_lines": 8, "excluded_lines": 0}, "missing_lines": [279, 281, 282, 283, 285, 288, 296, 297], "excluded_lines": []}, "BillingService.create_budget": {"executed_lines": [], "summary": {"covered_lines": 0, "num_statements": 46, "percent_covered": 0.0, "percent_covered_display": "0", "missing_lines": 46, "excluded_lines": 0}, "missing_lines": [327, 328, 329, 330, 333, 340, 341, 344, 345, 348, 351, 354, 355, 358, 359, 360, 361, 362, 363, 368, 369, 370, 371, 372, 373, 374, 377, 378, 379, 380, 381, 384, 385, 390, 393, 394, 397, 398, 401, 404, 407, 412, 413, 415, 423, 424], "excluded_lines": []}, "BillingService.update_budget": {"executed_lines": [], "summary": {"covered_lines": 0, "num_statements": 63, "percent_covered": 0.0, "percent_covered_display": "0", "missing_lines": 63, "excluded_lines": 0}, "missing_lines": [453, 454, 458, 459, 460, 463, 466, 467, 468, 471, 472, 475, 478, 479, 480, 483, 484, 485, 488, 491, 494, 495, 496, 497, 500, 501, 502, 503, 504, 505, 506, 511, 512, 513, 514, 515, 516, 517, 518, 519, 520, 521, 524, 525, 526, 527, 528, 531, 532, 537, 538, 541, 544, 547, 548, 552, 555, 556, 557, 559, 569, 571, 572], "excluded_lines": []}, "BillingService.delete_budget": {"executed_lines": [], "summary": {"covered_lines": 0, "num_statements": 8, "percent_covered": 0.0, "percent_covered_display": "0", "missing_lines": 8, "excluded_lines": 0}, "missing_lines": [587, 589, 590, 591, 594, 596, 598, 599], "excluded_lines": []}, "BillingService.list_services": {"executed_lines": [], "summary": {"covered_lines": 0, "num_statements": 4, "percent_covered": 0.0, "percent_covered_display": "0", "missing_lines": 4, "excluded_lines": 0}, "missing_lines": [607, 608, 609, 617], "excluded_lines": []}, "BillingService.list_skus": {"executed_lines": [], "summary": {"covered_lines": 0, "num_statements": 5, "percent_covered": 0.0, "percent_covered_display": "0", "missing_lines": 5, "excluded_lines": 0}, "missing_lines": [629, 635, 636, 637, 665], "excluded_lines": []}, "BillingService._proto_to_dict": {"executed_lines": [], "summary": {"covered_lines": 0, "num_statements": 4, "percent_covered": 0.0, "percent_covered_display": "0", "missing_lines": 4, "excluded_lines": 0}, "missing_lines": [678, 679, 682, 683], "excluded_lines": []}, "BillingService.list_resources": {"executed_lines": [], "summary": {"covered_lines": 0, "num_statements": 1, "percent_covered": 0.0, "percent_covered_display": "0", "missing_lines": 1, "excluded_lines": 0}, "missing_lines": [694], "excluded_lines": []}, "BillingService.get_resource": {"executed_lines": [], "summary": {"covered_lines": 0, "num_statements": 1, "percent_covered": 0.0, "percent_covered_display": "0", "missing_lines": 1, "excluded_lines": 0}, "missing_lines": [705], "excluded_lines": []}, "": {"executed_lines": [1, 3, 4, 6, 7, 9, 10, 13, 14, 16, 36, 37, 47, 78, 113, 145, 200, 232, 266, 299, 426, 574, 601, 619, 667, 685, 696], "summary": {"covered_lines": 25, "num_statements": 25, "percent_covered": 100.0, "percent_covered_display": "100", "missing_lines": 0, "excluded_lines": 0}, "missing_lines": [], "excluded_lines": []}}, "classes": {"BillingService": {"executed_lines": [], "summary": {"covered_lines": 0, "num_statements": 191, "percent_covered": 0.0, "percent_covered_display": "0", "missing_lines": 191, "excluded_lines": 0}, "missing_lines": [26, 27, 30, 34, 39, 40, 42, 45, 56, 58, 59, 61, 62, 63, 76, 90, 92, 97, 100, 110, 111, 125, 127, 132, 135, 142, 143, 161, 163, 170, 172, 174, 179, 182, 185, 190, 197, 198, 212, 218, 219, 220, 230, 242, 248, 249, 250, 251, 261, 262, 264, 279, 281, 282, 283, 285, 288, 296, 297, 327, 328, 329, 330, 333, 340, 341, 344, 345, 348, 351, 354, 355, 358, 359, 360, 361, 362, 363, 368, 369, 370, 371, 372, 373, 374, 377, 378, 379, 380, 381, 384, 385, 390, 393, 394, 397, 398, 401, 404, 407, 412, 413, 415, 423, 424, 453, 454, 458, 459, 460, 463, 466, 467, 468, 471, 472, 475, 478, 479, 480, 483, 484, 485, 488, 491, 494, 495, 496, 497, 500, 501, 502, 503, 504, 505, 506, 511, 512, 513, 514, 515, 516, 517, 518, 519, 520, 521, 524, 525, 526, 527, 528, 531, 532, 537, 538, 541, 544, 547, 548, 552, 555, 556, 557, 559, 569, 571, 572, 587, 589, 590, 591, 594, 596, 598, 599, 607, 608, 609, 617, 629, 635, 636, 637, 665, 678, 679, 682, 683, 694, 705], "excluded_lines": []}, "": {"executed_lines": [1, 3, 4, 6, 7, 9, 10, 13, 14, 16, 36, 37, 47, 78, 113, 145, 200, 232, 266, 299, 426, 574, 601, 619, 667, 685, 696], "summary": {"covered_lines": 25, "num_statements": 25, "percent_covered": 100.0, "percent_covered_display": "100", "missing_lines": 0, "excluded_lines": 0}, "missing_lines": [], "excluded_lines": []}}}, "gcpoto/services/compute.py": {"executed_lines": [], "summary": {"covered_lines": 0, "num_statements": 33, "percent_covered": 0.0, "percent_covered_display": "0", "missing_lines": 33, "excluded_lines": 0}, "missing_lines": [3, 5, 6, 9, 11, 12, 13, 15, 16, 25, 39, 42, 53, 61, 71, 76, 78, 79, 80, 82, 84, 95, 101, 103, 105, 118, 124, 130, 132, 134, 145, 151, 153], "excluded_lines": [], "functions": {"ComputeInstance.from_api_response": {"executed_lines": [], "summary": {"covered_lines": 0, "num_statements": 1, "percent_covered": 0.0, "percent_covered_display": "0", "missing_lines": 1, "excluded_lines": 0}, "missing_lines": [25], "excluded_lines": []}, "ComputeService.__init__": {"executed_lines": [], "summary": {"covered_lines": 0, "num_statements": 1, "percent_covered": 0.0, "percent_covered_display": "0", "missing_lines": 1, "excluded_lines": 0}, "missing_lines": [53], "excluded_lines": []}, "ComputeService.list_resources": {"executed_lines": [], "summary": {"covered_lines": 0, "num_statements": 6, "percent_covered": 0.0, "percent_covered_display": "0", "missing_lines": 6, "excluded_lines": 0}, "missing_lines": [71, 76, 78, 79, 80, 82], "excluded_lines": []}, "ComputeService.get_resource": {"executed_lines": [], "summary": {"covered_lines": 0, "num_statements": 3, "percent_covered": 0.0, "percent_covered_display": "0", "missing_lines": 3, "excluded_lines": 0}, "missing_lines": [95, 101, 103], "excluded_lines": []}, "ComputeService.create_resource": {"executed_lines": [], "summary": {"covered_lines": 0, "num_statements": 4, "percent_covered": 0.0, "percent_covered_display": "0", "missing_lines": 4, "excluded_lines": 0}, "missing_lines": [118, 124, 130, 132], "excluded_lines": []}, "ComputeService.delete_resource": {"executed_lines": [], "summary": {"covered_lines": 0, "num_statements": 3, "percent_covered": 0.0, "percent_covered_display": "0", "missing_lines": 3, "excluded_lines": 0}, "missing_lines": [145, 151, 153], "excluded_lines": []}, "": {"executed_lines": [], "summary": {"covered_lines": 0, "num_statements": 15, "percent_covered": 0.0, "percent_covered_display": "0", "missing_lines": 15, "excluded_lines": 0}, "missing_lines": [3, 5, 6, 9, 11, 12, 13, 15, 16, 39, 42, 61, 84, 105, 134], "excluded_lines": []}}, "classes": {"ComputeInstance": {"executed_lines": [], "summary": {"covered_lines": 0, "num_statements": 1, "percent_covered": 0.0, "percent_covered_display": "0", "missing_lines": 1, "excluded_lines": 0}, "missing_lines": [25], "excluded_lines": []}, "ComputeService": {"executed_lines": [], "summary": {"covered_lines": 0, "num_statements": 17, "percent_covered": 0.0, "percent_covered_display": "0", "missing_lines": 17, "excluded_lines": 0}, "missing_lines": [53, 71, 76, 78, 79, 80, 82, 95, 101, 103, 118, 124, 130, 132, 145, 151, 153], "excluded_lines": []}, "": {"executed_lines": [], "summary": {"covered_lines": 0, "num_statements": 15, "percent_covered": 0.0, "percent_covered_display": "0", "missing_lines": 15, "excluded_lines": 0}, "missing_lines": [3, 5, 6, 9, 11, 12, 13, 15, 16, 39, 42, 61, 84, 105, 134], "excluded_lines": []}}}, "gcpoto/services/pubsub.py": {"executed_lines": [1, 3, 5, 6, 7, 8, 10, 11, 14, 15, 17, 55, 80, 100, 173, 193, 221, 280, 300, 408, 428, 457], "summary": {"covered_lines": 20, "num_statements": 173, "percent_covered": 11.560693641618498, "percent_covered_display": "12", "missing_lines": 153, "excluded_lines": 0}, "missing_lines": [33, 43, 44, 45, 49, 50, 52, 53, 64, 69, 70, 71, 72, 73, 76, 78, 90, 91, 93, 95, 96, 98, 123, 124, 126, 128, 131, 133, 134, 137, 139, 140, 142, 143, 145, 146, 148, 149, 152, 153, 154, 156, 157, 161, 164, 165, 166, 167, 168, 169, 170, 171, 183, 184, 186, 188, 189, 191, 206, 207, 209, 212, 213, 216, 217, 219, 231, 233, 234, 236, 238, 243, 248, 250, 251, 254, 256, 258, 261, 262, 267, 268, 273, 274, 276, 278, 290, 291, 293, 295, 296, 298, 335, 336, 338, 340, 343, 344, 346, 349, 353, 354, 356, 357, 359, 360, 362, 363, 365, 366, 369, 371, 372, 374, 375, 377, 378, 380, 381, 383, 384, 387, 388, 389, 391, 392, 396, 399, 400, 401, 402, 403, 404, 405, 406, 418, 419, 421, 423, 424, 426, 441, 442, 444, 446, 453, 455, 468, 469, 471, 473, 479, 481], "excluded_lines": [], "functions": {"PubSubService.__init__": {"executed_lines": [], "summary": {"covered_lines": 0, "num_statements": 8, "percent_covered": 0.0, "percent_covered_display": "0", "missing_lines": 8, "excluded_lines": 0}, "missing_lines": [33, 43, 44, 45, 49, 50, 52, 53], "excluded_lines": []}, "PubSubService.list_resources": {"executed_lines": [], "summary": {"covered_lines": 0, "num_statements": 8, "percent_covered": 0.0, "percent_covered_display": "0", "missing_lines": 8, "excluded_lines": 0}, "missing_lines": [64, 69, 70, 71, 72, 73, 76, 78], "excluded_lines": []}, "PubSubService.get_topic": {"executed_lines": [], "summary": {"covered_lines": 0, "num_statements": 6, "percent_covered": 0.0, "percent_covered_display": "0", "missing_lines": 6, "excluded_lines": 0}, "missing_lines": [90, 91, 93, 95, 96, 98], "excluded_lines": []}, "PubSubService.create_topic": {"executed_lines": [], "summary": {"covered_lines": 0, "num_statements": 30, "percent_covered": 0.0, "percent_covered_display": "0", "missing_lines": 30, "excluded_lines": 0}, "missing_lines": [123, 124, 126, 128, 131, 133, 134, 137, 139, 140, 142, 143, 145, 146, 148, 149, 152, 153, 154, 156, 157, 161, 164, 165, 166, 167, 168, 169, 170, 171], "excluded_lines": []}, "PubSubService.delete_topic": {"executed_lines": [], "summary": {"covered_lines": 0, "num_statements": 6, "percent_covered": 0.0, "percent_covered_display": "0", "missing_lines": 6, "excluded_lines": 0}, "missing_lines": [183, 184, 186, 188, 189, 191], "excluded_lines": []}, "PubSubService.publish_message": {"executed_lines": [], "summary": {"covered_lines": 0, "num_statements": 8, "percent_covered": 0.0, "percent_covered_display": "0", "missing_lines": 8, "excluded_lines": 0}, "missing_lines": [206, 207, 209, 212, 213, 216, 217, 219], "excluded_lines": []}, "PubSubService.list_subscriptions": {"executed_lines": [], "summary": {"covered_lines": 0, "num_statements": 20, "percent_covered": 0.0, "percent_covered_display": "0", "missing_lines": 20, "excluded_lines": 0}, "missing_lines": [231, 233, 234, 236, 238, 243, 248, 250, 251, 254, 256, 258, 261, 262, 267, 268, 273, 274, 276, 278], "excluded_lines": []}, "PubSubService.get_subscription": {"executed_lines": [], "summary": {"covered_lines": 0, "num_statements": 6, "percent_covered": 0.0, "percent_covered_display": "0", "missing_lines": 6, "excluded_lines": 0}, "missing_lines": [290, 291, 293, 295, 296, 298], "excluded_lines": []}, "PubSubService.create_subscription": {"executed_lines": [], "summary": {"covered_lines": 0, "num_statements": 43, "percent_covered": 0.0, "percent_covered_display": "0", "missing_lines": 43, "excluded_lines": 0}, "missing_lines": [335, 336, 338, 340, 343, 344, 346, 349, 353, 354, 356, 357, 359, 360, 362, 363, 365, 366, 369, 371, 372, 374, 375, 377, 378, 380, 381, 383, 384, 387, 388, 389, 391, 392, 396, 399, 400, 401, 402, 403, 404, 405, 406], "excluded_lines": []}, "PubSubService.delete_subscription": {"executed_lines": [], "summary": {"covered_lines": 0, "num_statements": 6, "percent_covered": 0.0, "percent_covered_display": "0", "missing_lines": 6, "excluded_lines": 0}, "missing_lines": [418, 419, 421, 423, 424, 426], "excluded_lines": []}, "PubSubService.pull_messages": {"executed_lines": [], "summary": {"covered_lines": 0, "num_statements": 6, "percent_covered": 0.0, "percent_covered_display": "0", "missing_lines": 6, "excluded_lines": 0}, "missing_lines": [441, 442, 444, 446, 453, 455], "excluded_lines": []}, "PubSubService.acknowledge_messages": {"executed_lines": [], "summary": {"covered_lines": 0, "num_statements": 6, "percent_covered": 0.0, "percent_covered_display": "0", "missing_lines": 6, "excluded_lines": 0}, "missing_lines": [468, 469, 471, 473, 479, 481], "excluded_lines": []}, "": {"executed_lines": [1, 3, 5, 6, 7, 8, 10, 11, 14, 15, 17, 55, 80, 100, 173, 193, 221, 280, 300, 408, 428, 457], "summary": {"covered_lines": 20, "num_statements": 20, "percent_covered": 100.0, "percent_covered_display": "100", "missing_lines": 0, "excluded_lines": 0}, "missing_lines": [], "excluded_lines": []}}, "classes": {"PubSubService": {"executed_lines": [], "summary": {"covered_lines": 0, "num_statements": 153, "percent_covered": 0.0, "percent_covered_display": "0", "missing_lines": 153, "excluded_lines": 0}, "missing_lines": [33, 43, 44, 45, 49, 50, 52, 53, 64, 69, 70, 71, 72, 73, 76, 78, 90, 91, 93, 95, 96, 98, 123, 124, 126, 128, 131, 133, 134, 137, 139, 140, 142, 143, 145, 146, 148, 149, 152, 153, 154, 156, 157, 161, 164, 165, 166, 167, 168, 169, 170, 171, 183, 184, 186, 188, 189, 191, 206, 207, 209, 212, 213, 216, 217, 219, 231, 233, 234, 236, 238, 243, 248, 250, 251, 254, 256, 258, 261, 262, 267, 268, 273, 274, 276, 278, 290, 291, 293, 295, 296, 298, 335, 336, 338, 340, 343, 344, 346, 349, 353, 354, 356, 357, 359, 360, 362, 363, 365, 366, 369, 371, 372, 374, 375, 377, 378, 380, 381, 383, 384, 387, 388, 389, 391, 392, 396, 399, 400, 401, 402, 403, 404, 405, 406, 418, 419, 421, 423, 424, 426, 441, 442, 444, 446, 453, 455, 468, 469, 471, 473, 479, 481], "excluded_lines": []}, "": {"executed_lines": [1, 3, 5, 6, 7, 8, 10, 11, 14, 15, 17, 55, 80, 100, 173, 193, 221, 280, 300, 408, 428, 457], "summary": {"covered_lines": 20, "num_statements": 20, "percent_covered": 100.0, "percent_covered_display": "100", "missing_lines": 0, "excluded_lines": 0}, "missing_lines": [], "excluded_lines": []}}}, "gcpoto/services/resource_manager.py": {"executed_lines": [1, 3, 4, 6, 7, 8, 10, 11, 14, 15, 17, 29, 61, 95, 147, 208, 238, 266, 297, 328, 368, 406, 435, 463, 498, 533, 569, 580, 591, 608, 624], "summary": {"covered_lines": 29, "num_statements": 177, "percent_covered": 16.384180790960453, "percent_covered_display": "16", "missing_lines": 148, "excluded_lines": 0}, "missing_lines": [25, 26, 27, 39, 40, 41, 43, 44, 45, 59, 73, 75, 76, 79, 92, 93, 114, 116, 117, 118, 120, 121, 124, 125, 126, 129, 130, 131, 134, 139, 142, 144, 145, 164, 166, 167, 170, 173, 174, 175, 178, 179, 180, 181, 182, 185, 186, 187, 191, 192, 200, 203, 205, 206, 223, 225, 228, 231, 233, 235, 236, 250, 252, 255, 258, 261, 263, 264, 277, 278, 279, 281, 282, 284, 295, 309, 311, 312, 315, 325, 326, 344, 346, 347, 348, 351, 357, 360, 363, 365, 366, 381, 383, 384, 387, 390, 398, 401, 403, 404, 420, 422, 425, 428, 430, 432, 433, 447, 449, 452, 455, 458, 460, 461, 477, 479, 482, 490, 493, 495, 496, 512, 514, 517, 525, 528, 530, 531, 545, 546, 547, 548, 550, 551, 552, 555, 557, 558, 559, 562, 563, 564, 567, 578, 589, 600, 617, 633], "excluded_lines": [], "functions": {"ResourceManagerService.__init__": {"executed_lines": [], "summary": {"covered_lines": 0, "num_statements": 3, "percent_covered": 0.0, "percent_covered_display": "0", "missing_lines": 3, "excluded_lines": 0}, "missing_lines": [25, 26, 27], "excluded_lines": []}, "ResourceManagerService.list_projects": {"executed_lines": [], "summary": {"covered_lines": 0, "num_statements": 7, "percent_covered": 0.0, "percent_covered_display": "0", "missing_lines": 7, "excluded_lines": 0}, "missing_lines": [39, 40, 41, 43, 44, 45, 59], "excluded_lines": []}, "ResourceManagerService.get_project": {"executed_lines": [], "summary": {"covered_lines": 0, "num_statements": 6, "percent_covered": 0.0, "percent_covered_display": "0", "missing_lines": 6, "excluded_lines": 0}, "missing_lines": [73, 75, 76, 79, 92, 93], "excluded_lines": []}, "ResourceManagerService.create_project": {"executed_lines": [], "summary": {"covered_lines": 0, "num_statements": 17, "percent_covered": 0.0, "percent_covered_display": "0", "missing_lines": 17, "excluded_lines": 0}, "missing_lines": [114, 116, 117, 118, 120, 121, 124, 125, 126, 129, 130, 131, 134, 139, 142, 144, 145], "excluded_lines": []}, "ResourceManagerService.update_project": {"executed_lines": [], "summary": {"covered_lines": 0, "num_statements": 21, "percent_covered": 0.0, "percent_covered_display": "0", "missing_lines": 21, "excluded_lines": 0}, "missing_lines": [164, 166, 167, 170, 173, 174, 175, 178, 179, 180, 181, 182, 185, 186, 187, 191, 192, 200, 203, 205, 206], "excluded_lines": []}, "ResourceManagerService.delete_project": {"executed_lines": [], "summary": {"covered_lines": 0, "num_statements": 7, "percent_covered": 0.0, "percent_covered_display": "0", "missing_lines": 7, "excluded_lines": 0}, "missing_lines": [223, 225, 228, 231, 233, 235, 236], "excluded_lines": []}, "ResourceManagerService.undelete_project": {"executed_lines": [], "summary": {"covered_lines": 0, "num_statements": 7, "percent_covered": 0.0, "percent_covered_display": "0", "missing_lines": 7, "excluded_lines": 0}, "missing_lines": [250, 252, 255, 258, 261, 263, 264], "excluded_lines": []}, "ResourceManagerService.list_folders": {"executed_lines": [], "summary": {"covered_lines": 0, "num_statements": 7, "percent_covered": 0.0, "percent_covered_display": "0", "missing_lines": 7, "excluded_lines": 0}, "missing_lines": [277, 278, 279, 281, 282, 284, 295], "excluded_lines": []}, "ResourceManagerService.get_folder": {"executed_lines": [], "summary": {"covered_lines": 0, "num_statements": 6, "percent_covered": 0.0, "percent_covered_display": "0", "missing_lines": 6, "excluded_lines": 0}, "missing_lines": [309, 311, 312, 315, 325, 326], "excluded_lines": []}, "ResourceManagerService.create_folder": {"executed_lines": [], "summary": {"covered_lines": 0, "num_statements": 10, "percent_covered": 0.0, "percent_covered_display": "0", "missing_lines": 10, "excluded_lines": 0}, "missing_lines": [344, 346, 347, 348, 351, 357, 360, 363, 365, 366], "excluded_lines": []}, "ResourceManagerService.update_folder": {"executed_lines": [], "summary": {"covered_lines": 0, "num_statements": 9, "percent_covered": 0.0, "percent_covered_display": "0", "missing_lines": 9, "excluded_lines": 0}, "missing_lines": [381, 383, 384, 387, 390, 398, 401, 403, 404], "excluded_lines": []}, "ResourceManagerService.delete_folder": {"executed_lines": [], "summary": {"covered_lines": 0, "num_statements": 7, "percent_covered": 0.0, "percent_covered_display": "0", "missing_lines": 7, "excluded_lines": 0}, "missing_lines": [420, 422, 425, 428, 430, 432, 433], "excluded_lines": []}, "ResourceManagerService.undelete_folder": {"executed_lines": [], "summary": {"covered_lines": 0, "num_statements": 7, "percent_covered": 0.0, "percent_covered_display": "0", "missing_lines": 7, "excluded_lines": 0}, "missing_lines": [447, 449, 452, 455, 458, 460, 461], "excluded_lines": []}, "ResourceManagerService.move_folder": {"executed_lines": [], "summary": {"covered_lines": 0, "num_statements": 7, "percent_covered": 0.0, "percent_covered_display": "0", "missing_lines": 7, "excluded_lines": 0}, "missing_lines": [477, 479, 482, 490, 493, 495, 496], "excluded_lines": []}, "ResourceManagerService.move_project": {"executed_lines": [], "summary": {"covered_lines": 0, "num_statements": 7, "percent_covered": 0.0, "percent_covered_display": "0", "missing_lines": 7, "excluded_lines": 0}, "missing_lines": [512, 514, 517, 525, 528, 530, 531], "excluded_lines": []}, "ResourceManagerService._wait_for_operation": {"executed_lines": [], "summary": {"covered_lines": 0, "num_statements": 15, "percent_covered": 0.0, "percent_covered_display": "0", "missing_lines": 15, "excluded_lines": 0}, "missing_lines": [545, 546, 547, 548, 550, 551, 552, 555, 557, 558, 559, 562, 563, 564, 567], "excluded_lines": []}, "ResourceManagerService.list_resources": {"executed_lines": [], "summary": {"covered_lines": 0, "num_statements": 1, "percent_covered": 0.0, "percent_covered_display": "0", "missing_lines": 1, "excluded_lines": 0}, "missing_lines": [578], "excluded_lines": []}, "ResourceManagerService.get_resource": {"executed_lines": [], "summary": {"covered_lines": 0, "num_statements": 1, "percent_covered": 0.0, "percent_covered_display": "0", "missing_lines": 1, "excluded_lines": 0}, "missing_lines": [589], "excluded_lines": []}, "ResourceManagerService.create_resource": {"executed_lines": [], "summary": {"covered_lines": 0, "num_statements": 1, "percent_covered": 0.0, "percent_covered_display": "0", "missing_lines": 1, "excluded_lines": 0}, "missing_lines": [600], "excluded_lines": []}, "ResourceManagerService.update_resource": {"executed_lines": [], "summary": {"covered_lines": 0, "num_statements": 1, "percent_covered": 0.0, "percent_covered_display": "0", "missing_lines": 1, "excluded_lines": 0}, "missing_lines": [617], "excluded_lines": []}, "ResourceManagerService.delete_resource": {"executed_lines": [], "summary": {"covered_lines": 0, "num_statements": 1, "percent_covered": 0.0, "percent_covered_display": "0", "missing_lines": 1, "excluded_lines": 0}, "missing_lines": [633], "excluded_lines": []}, "": {"executed_lines": [1, 3, 4, 6, 7, 8, 10, 11, 14, 15, 17, 29, 61, 95, 147, 208, 238, 266, 297, 328, 368, 406, 435, 463, 498, 533, 569, 580, 591, 608, 624], "summary": {"covered_lines": 29, "num_statements": 29, "percent_covered": 100.0, "percent_covered_display": "100", "missing_lines": 0, "excluded_lines": 0}, "missing_lines": [], "excluded_lines": []}}, "classes": {"ResourceManagerService": {"executed_lines": [], "summary": {"covered_lines": 0, "num_statements": 148, "percent_covered": 0.0, "percent_covered_display": "0", "missing_lines": 148, "excluded_lines": 0}, "missing_lines": [25, 26, 27, 39, 40, 41, 43, 44, 45, 59, 73, 75, 76, 79, 92, 93, 114, 116, 117, 118, 120, 121, 124, 125, 126, 129, 130, 131, 134, 139, 142, 144, 145, 164, 166, 167, 170, 173, 174, 175, 178, 179, 180, 181, 182, 185, 186, 187, 191, 192, 200, 203, 205, 206, 223, 225, 228, 231, 233, 235, 236, 250, 252, 255, 258, 261, 263, 264, 277, 278, 279, 281, 282, 284, 295, 309, 311, 312, 315, 325, 326, 344, 346, 347, 348, 351, 357, 360, 363, 365, 366, 381, 383, 384, 387, 390, 398, 401, 403, 404, 420, 422, 425, 428, 430, 432, 433, 447, 449, 452, 455, 458, 460, 461, 477, 479, 482, 490, 493, 495, 496, 512, 514, 517, 525, 528, 530, 531, 545, 546, 547, 548, 550, 551, 552, 555, 557, 558, 559, 562, 563, 564, 567, 578, 589, 600, 617, 633], "excluded_lines": []}, "": {"executed_lines": [1, 3, 4, 6, 7, 8, 10, 11, 14, 15, 17, 29, 61, 95, 147, 208, 238, 266, 297, 328, 368, 406, 435, 463, 498, 533, 569, 580, 591, 608, 624], "summary": {"covered_lines": 29, "num_statements": 29, "percent_covered": 100.0, "percent_covered_display": "100", "missing_lines": 0, "excluded_lines": 0}, "missing_lines": [], "excluded_lines": []}}}, "gcpoto/services/storage.py": {"executed_lines": [1, 3, 4, 5, 7, 8, 9, 12, 13, 14, 15, 17, 18, 40, 41, 43, 81, 109, 158, 220, 244, 263, 281, 296, 324], "summary": {"covered_lines": 22, "num_statements": 111, "percent_covered": 19.81981981981982, "percent_covered_display": "20", "missing_lines": 89, "excluded_lines": 0}, "missing_lines": [27, 54, 58, 59, 61, 62, 64, 65, 68, 69, 71, 73, 74, 77, 79, 92, 97, 98, 100, 101, 104, 105, 107, 123, 128, 129, 131, 134, 135, 137, 138, 139, 142, 144, 146, 147, 149, 150, 151, 152, 155, 156, 173, 176, 180, 181, 184, 185, 186, 189, 190, 191, 193, 194, 197, 201, 202, 203, 204, 207, 212, 215, 216, 218, 231, 236, 237, 239, 240, 242, 255, 272, 273, 275, 276, 277, 279, 291, 292, 294, 306, 312, 313, 315, 320, 322, 334, 335, 337], "excluded_lines": [], "functions": {"StorageBucket.from_api_response": {"executed_lines": [], "summary": {"covered_lines": 0, "num_statements": 1, "percent_covered": 0.0, "percent_covered_display": "0", "missing_lines": 1, "excluded_lines": 0}, "missing_lines": [27], "excluded_lines": []}, "StorageService.list_objects": {"executed_lines": [], "summary": {"covered_lines": 0, "num_statements": 14, "percent_covered": 0.0, "percent_covered_display": "0", "missing_lines": 14, "excluded_lines": 0}, "missing_lines": [54, 58, 59, 61, 62, 64, 65, 68, 69, 71, 73, 74, 77, 79], "excluded_lines": []}, "StorageService.get_object": {"executed_lines": [], "summary": {"covered_lines": 0, "num_statements": 8, "percent_covered": 0.0, "percent_covered_display": "0", "missing_lines": 8, "excluded_lines": 0}, "missing_lines": [92, 97, 98, 100, 101, 104, 105, 107], "excluded_lines": []}, "StorageService.download_object": {"executed_lines": [], "summary": {"covered_lines": 0, "num_statements": 19, "percent_covered": 0.0, "percent_covered_display": "0", "missing_lines": 19, "excluded_lines": 0}, "missing_lines": [123, 128, 129, 131, 134, 135, 137, 138, 139, 142, 144, 146, 147, 149, 150, 151, 152, 155, 156], "excluded_lines": []}, "StorageService.upload_object": {"executed_lines": [], "summary": {"covered_lines": 0, "num_statements": 22, "percent_covered": 0.0, "percent_covered_display": "0", "missing_lines": 22, "excluded_lines": 0}, "missing_lines": [173, 176, 180, 181, 184, 185, 186, 189, 190, 191, 193, 194, 197, 201, 202, 203, 204, 207, 212, 215, 216, 218], "excluded_lines": []}, "StorageService.delete_object": {"executed_lines": [], "summary": {"covered_lines": 0, "num_statements": 6, "percent_covered": 0.0, "percent_covered_display": "0", "missing_lines": 6, "excluded_lines": 0}, "missing_lines": [231, 236, 237, 239, 240, 242], "excluded_lines": []}, "StorageService.__init__": {"executed_lines": [], "summary": {"covered_lines": 0, "num_statements": 1, "percent_covered": 0.0, "percent_covered_display": "0", "missing_lines": 1, "excluded_lines": 0}, "missing_lines": [255], "excluded_lines": []}, "StorageService.list_resources": {"executed_lines": [], "summary": {"covered_lines": 0, "num_statements": 6, "percent_covered": 0.0, "percent_covered_display": "0", "missing_lines": 6, "excluded_lines": 0}, "missing_lines": [272, 273, 275, 276, 277, 279], "excluded_lines": []}, "StorageService.get_resource": {"executed_lines": [], "summary": {"covered_lines": 0, "num_statements": 3, "percent_covered": 0.0, "percent_covered_display": "0", "missing_lines": 3, "excluded_lines": 0}, "missing_lines": [291, 292, 294], "excluded_lines": []}, "StorageService.create_resource": {"executed_lines": [], "summary": {"covered_lines": 0, "num_statements": 6, "percent_covered": 0.0, "percent_covered_display": "0", "missing_lines": 6, "excluded_lines": 0}, "missing_lines": [306, 312, 313, 315, 320, 322], "excluded_lines": []}, "StorageService.delete_resource": {"executed_lines": [], "summary": {"covered_lines": 0, "num_statements": 3, "percent_covered": 0.0, "percent_covered_display": "0", "missing_lines": 3, "excluded_lines": 0}, "missing_lines": [334, 335, 337], "excluded_lines": []}, "": {"executed_lines": [1, 3, 4, 5, 7, 8, 9, 12, 13, 14, 15, 17, 18, 40, 41, 43, 81, 109, 158, 220, 244, 263, 281, 296, 324], "summary": {"covered_lines": 22, "num_statements": 22, "percent_covered": 100.0, "percent_covered_display": "100", "missing_lines": 0, "excluded_lines": 0}, "missing_lines": [], "excluded_lines": []}}, "classes": {"StorageBucket": {"executed_lines": [], "summary": {"covered_lines": 0, "num_statements": 1, "percent_covered": 0.0, "percent_covered_display": "0", "missing_lines": 1, "excluded_lines": 0}, "missing_lines": [27], "excluded_lines": []}, "StorageService": {"executed_lines": [], "summary": {"covered_lines": 0, "num_statements": 88, "percent_covered": 0.0, "percent_covered_display": "0", "missing_lines": 88, "excluded_lines": 0}, "missing_lines": [54, 58, 59, 61, 62, 64, 65, 68, 69, 71, 73, 74, 77, 79, 92, 97, 98, 100, 101, 104, 105, 107, 123, 128, 129, 131, 134, 135, 137, 138, 139, 142, 144, 146, 147, 149, 150, 151, 152, 155, 156, 173, 176, 180, 181, 184, 185, 186, 189, 190, 191, 193, 194, 197, 201, 202, 203, 204, 207, 212, 215, 216, 218, 231, 236, 237, 239, 240, 242, 255, 272, 273, 275, 276, 277, 279, 291, 292, 294, 306, 312, 313, 315, 320, 322, 334, 335, 337], "excluded_lines": []}, "": {"executed_lines": [1, 3, 4, 5, 7, 8, 9, 12, 13, 14, 15, 17, 18, 40, 41, 43, 81, 109, 158, 220, 244, 263, 281, 296, 324], "summary": {"covered_lines": 22, "num_statements": 22, "percent_covered": 100.0, "percent_covered_display": "100", "missing_lines": 0, "excluded_lines": 0}, "missing_lines": [], "excluded_lines": []}}}}, "totals": {"covered_lines": 293, "num_statements": 1415, "percent_covered": 20.70671378091873, "percent_covered_display": "21", "missing_lines": 1122, "excluded_lines": 0}}